CRITICAL - 2021-08-09 00:16:20 --> Trying to access array offset on value of type null
#0 /Users/user/Nex/app/Controllers/Page.php(84): CodeIgniter\Debug\Exceptions->errorHandler(8, 'Trying to acces...', '/Users/user/Nex...', 84, Array)
#1 /Users/user/Nex/system/CodeIgniter.php(928): App\Controllers\Page->topics('build', 'assets', 'css', 'bootstrap.min.c...')
#2 /Users/user/Nex/system/CodeIgniter.php(436): CodeIgniter\CodeIgniter->runController(Object(App\Controllers\Page))
#3 /Users/user/Nex/system/CodeIgniter.php(336): CodeIgniter\CodeIgniter->handleRequest(NULL, Object(Config\Cache), false)
#4 /Users/user/Nex/public/index.php(37): CodeIgniter\CodeIgniter->run()
#5 {main}
CRITICAL - 2021-08-09 00:26:55 --> Undefined property: CodeIgniter\View\View::$request
#0 /Users/user/Nex/app/Views/Frontend/Topics.php(91): CodeIgniter\Debug\Exceptions->errorHandler(8, 'Undefined prope...', '/Users/user/Nex...', 91, Array)
#1 /Users/user/Nex/system/View/View.php(230): include('/Users/user/Nex...')
#2 /Users/user/Nex/system/View/View.php(232): CodeIgniter\View\View->CodeIgniter\View\{closure}()
#3 /Users/user/Nex/system/Common.php(1271): CodeIgniter\View\View->render('Frontend/Topics', Array, true)
#4 /Users/user/Nex/app/Controllers/Page.php(77): view('Frontend/Topics', Array)
#5 /Users/user/Nex/system/CodeIgniter.php(928): App\Controllers\Page->subject('mysqli-tutorial')
#6 /Users/user/Nex/system/CodeIgniter.php(436): CodeIgniter\CodeIgniter->runController(Object(App\Controllers\Page))
#7 /Users/user/Nex/system/CodeIgniter.php(336): CodeIgniter\CodeIgniter->handleRequest(NULL, Object(Config\Cache), false)
#8 /Users/user/Nex/public/index.php(37): CodeIgniter\CodeIgniter->run()
#9 {main}
CRITICAL - 2021-08-09 00:28:48 --> syntax error, unexpected ')', expecting ';' or ','
#0 /Users/user/Nex/system/View/View.php(232): CodeIgniter\View\View->CodeIgniter\View\{closure}()
#1 /Users/user/Nex/system/Common.php(1271): CodeIgniter\View\View->render('Frontend/Topics', Array, true)
#2 /Users/user/Nex/app/Controllers/Page.php(88): view('Frontend/Topics', Array)
#3 /Users/user/Nex/system/CodeIgniter.php(928): App\Controllers\Page->topics('mysqli-tutorial', 'mysqli-connecti...')
#4 /Users/user/Nex/system/CodeIgniter.php(436): CodeIgniter\CodeIgniter->runController(Object(App\Controllers\Page))
#5 /Users/user/Nex/system/CodeIgniter.php(336): CodeIgniter\CodeIgniter->handleRequest(NULL, Object(Config\Cache), false)
#6 /Users/user/Nex/public/index.php(37): CodeIgniter\CodeIgniter->run()
#7 {main}
CRITICAL - 2021-08-09 00:28:51 --> syntax error, unexpected ')', expecting ';' or ','
#0 /Users/user/Nex/system/View/View.php(232): CodeIgniter\View\View->CodeIgniter\View\{closure}()
#1 /Users/user/Nex/system/Common.php(1271): CodeIgniter\View\View->render('Frontend/Topics', Array, true)
#2 /Users/user/Nex/app/Controllers/Page.php(88): view('Frontend/Topics', Array)
#3 /Users/user/Nex/system/CodeIgniter.php(928): App\Controllers\Page->topics('mysqli-tutorial', 'mysqli-connecti...')
#4 /Users/user/Nex/system/CodeIgniter.php(436): CodeIgniter\CodeIgniter->runController(Object(App\Controllers\Page))
#5 /Users/user/Nex/system/CodeIgniter.php(336): CodeIgniter\CodeIgniter->handleRequest(NULL, Object(Config\Cache), false)
#6 /Users/user/Nex/public/index.php(37): CodeIgniter\CodeIgniter->run()
#7 {main}
CRITICAL - 2021-08-09 00:29:23 --> Trying to access array offset on value of type null
#0 /Users/user/Nex/app/Controllers/Page.php(84): CodeIgniter\Debug\Exceptions->errorHandler(8, 'Trying to acces...', '/Users/user/Nex...', 84, Array)
#1 /Users/user/Nex/system/CodeIgniter.php(928): App\Controllers\Page->topics('build', 'assets', 'css', 'bootstrap.min.c...')
#2 /Users/user/Nex/system/CodeIgniter.php(436): CodeIgniter\CodeIgniter->runController(Object(App\Controllers\Page))
#3 /Users/user/Nex/system/CodeIgniter.php(336): CodeIgniter\CodeIgniter->handleRequest(NULL, Object(Config\Cache), false)
#4 /Users/user/Nex/public/index.php(37): CodeIgniter\CodeIgniter->run()
#5 {main}
CRITICAL - 2021-08-09 00:31:05 --> Trying to access array offset on value of type null
#0 /Users/user/Nex/app/Controllers/Page.php(84): CodeIgniter\Debug\Exceptions->errorHandler(8, 'Trying to acces...', '/Users/user/Nex...', 84, Array)
#1 /Users/user/Nex/system/CodeIgniter.php(928): App\Controllers\Page->topics('build', 'assets', 'css', 'bootstrap.min.c...')
#2 /Users/user/Nex/system/CodeIgniter.php(436): CodeIgniter\CodeIgniter->runController(Object(App\Controllers\Page))
#3 /Users/user/Nex/system/CodeIgniter.php(336): CodeIgniter\CodeIgniter->handleRequest(NULL, Object(Config\Cache), false)
#4 /Users/user/Nex/public/index.php(37): CodeIgniter\CodeIgniter->run()
#5 {main}
CRITICAL - 2021-08-09 00:31:25 --> Trying to access array offset on value of type null
#0 /Users/user/Nex/app/Controllers/Page.php(84): CodeIgniter\Debug\Exceptions->errorHandler(8, 'Trying to acces...', '/Users/user/Nex...', 84, Array)
#1 /Users/user/Nex/system/CodeIgniter.php(928): App\Controllers\Page->topics('build', 'assets', 'css', 'bootstrap.min.c...')
#2 /Users/user/Nex/system/CodeIgniter.php(436): CodeIgniter\CodeIgniter->runController(Object(App\Controllers\Page))
#3 /Users/user/Nex/system/CodeIgniter.php(336): CodeIgniter\CodeIgniter->handleRequest(NULL, Object(Config\Cache), false)
#4 /Users/user/Nex/public/index.php(37): CodeIgniter\CodeIgniter->run()
#5 {main}
CRITICAL - 2021-08-09 00:40:15 --> Undefined index: subject_id
#0 /Users/user/Nex/app/Controllers/Page.php(95): CodeIgniter\Debug\Exceptions->errorHandler(8, 'Undefined index...', '/Users/user/Nex...', 95, Array)
#1 /Users/user/Nex/system/CodeIgniter.php(928): App\Controllers\Page->topics('php-tutorial', 'php-write-file')
#2 /Users/user/Nex/system/CodeIgniter.php(436): CodeIgniter\CodeIgniter->runController(Object(App\Controllers\Page))
#3 /Users/user/Nex/system/CodeIgniter.php(336): CodeIgniter\CodeIgniter->handleRequest(NULL, Object(Config\Cache), false)
#4 /Users/user/Nex/public/index.php(37): CodeIgniter\CodeIgniter->run()
#5 {main}
CRITICAL - 2021-08-09 00:40:30 --> Undefined index: subject_id
#0 /Users/user/Nex/app/Controllers/Page.php(97): CodeIgniter\Debug\Exceptions->errorHandler(8, 'Undefined index...', '/Users/user/Nex...', 97, Array)
#1 /Users/user/Nex/system/CodeIgniter.php(928): App\Controllers\Page->topics('php-tutorial', 'php-write-file')
#2 /Users/user/Nex/system/CodeIgniter.php(436): CodeIgniter\CodeIgniter->runController(Object(App\Controllers\Page))
#3 /Users/user/Nex/system/CodeIgniter.php(336): CodeIgniter\CodeIgniter->handleRequest(NULL, Object(Config\Cache), false)
#4 /Users/user/Nex/public/index.php(37): CodeIgniter\CodeIgniter->run()
#5 {main}
CRITICAL - 2021-08-09 00:41:09 --> Call to a member function count() on array
#0 /Users/user/Nex/system/CodeIgniter.php(928): App\Controllers\Page->topics('php-tutorial', 'php-write-file')
#1 /Users/user/Nex/system/CodeIgniter.php(436): CodeIgniter\CodeIgniter->runController(Object(App\Controllers\Page))
#2 /Users/user/Nex/system/CodeIgniter.php(336): CodeIgniter\CodeIgniter->handleRequest(NULL, Object(Config\Cache), false)
#3 /Users/user/Nex/public/index.php(37): CodeIgniter\CodeIgniter->run()
#4 {main}
CRITICAL - 2021-08-09 00:41:11 --> Call to a member function count() on array
#0 /Users/user/Nex/system/CodeIgniter.php(928): App\Controllers\Page->topics('php-tutorial', 'php-write-file')
#1 /Users/user/Nex/system/CodeIgniter.php(436): CodeIgniter\CodeIgniter->runController(Object(App\Controllers\Page))
#2 /Users/user/Nex/system/CodeIgniter.php(336): CodeIgniter\CodeIgniter->handleRequest(NULL, Object(Config\Cache), false)
#3 /Users/user/Nex/public/index.php(37): CodeIgniter\CodeIgniter->run()
#4 {main}
CRITICAL - 2021-08-09 00:44:46 --> syntax error, unexpected ')', expecting end of file
#0 /Users/user/Nex/system/CodeIgniter.php(389): CodeIgniter\CodeIgniter->tryToRouteIt(NULL)
#1 /Users/user/Nex/system/CodeIgniter.php(336): CodeIgniter\CodeIgniter->handleRequest(NULL, Object(Config\Cache), false)
#2 /Users/user/Nex/public/index.php(37): CodeIgniter\CodeIgniter->run()
#3 {main}
CRITICAL - 2021-08-09 00:44:55 --> syntax error, unexpected ')', expecting end of file
#0 /Users/user/Nex/system/CodeIgniter.php(389): CodeIgniter\CodeIgniter->tryToRouteIt(NULL)
#1 /Users/user/Nex/system/CodeIgniter.php(336): CodeIgniter\CodeIgniter->handleRequest(NULL, Object(Config\Cache), false)
#2 /Users/user/Nex/public/index.php(37): CodeIgniter\CodeIgniter->run()
#3 {main}
CRITICAL - 2021-08-09 00:45:13 --> syntax error, unexpected ')', expecting ']'
#0 /Users/user/Nex/system/Autoloader/Autoloader.php(273): CodeIgniter\Autoloader\Autoloader->includeFile('/Users/user/Nex...')
#1 /Users/user/Nex/system/Autoloader/Autoloader.php(247): CodeIgniter\Autoloader\Autoloader->loadInNamespace('App\\Controllers...')
#2 [internal function]: CodeIgniter\Autoloader\Autoloader->loadClass('App\\Controllers...')
#3 [internal function]: spl_autoload_call('App\\Controllers...')
#4 /Users/user/Nex/system/CodeIgniter.php(885): class_exists('\\App\\Controller...', true)
#5 /Users/user/Nex/system/CodeIgniter.php(421): CodeIgniter\CodeIgniter->startController()
#6 /Users/user/Nex/system/CodeIgniter.php(336): CodeIgniter\CodeIgniter->handleRequest(NULL, Object(Config\Cache), false)
#7 /Users/user/Nex/public/index.php(37): CodeIgniter\CodeIgniter->run()
#8 {main}
CRITICAL - 2021-08-09 00:46:01 --> syntax error, unexpected ')', expecting ']'
#0 /Users/user/Nex/system/Autoloader/Autoloader.php(273): CodeIgniter\Autoloader\Autoloader->includeFile('/Users/user/Nex...')
#1 /Users/user/Nex/system/Autoloader/Autoloader.php(247): CodeIgniter\Autoloader\Autoloader->loadInNamespace('App\\Controllers...')
#2 [internal function]: CodeIgniter\Autoloader\Autoloader->loadClass('App\\Controllers...')
#3 [internal function]: spl_autoload_call('App\\Controllers...')
#4 /Users/user/Nex/system/CodeIgniter.php(885): class_exists('\\App\\Controller...', true)
#5 /Users/user/Nex/system/CodeIgniter.php(421): CodeIgniter\CodeIgniter->startController()
#6 /Users/user/Nex/system/CodeIgniter.php(336): CodeIgniter\CodeIgniter->handleRequest(NULL, Object(Config\Cache), false)
#7 /Users/user/Nex/public/index.php(37): CodeIgniter\CodeIgniter->run()
#8 {main}
CRITICAL - 2021-08-09 00:48:09 --> Trying to access array offset on value of type null
#0 /Users/user/Nex/app/Controllers/Page.php(88): CodeIgniter\Debug\Exceptions->errorHandler(8, 'Trying to acces...', '/Users/user/Nex...', 88, Array)
#1 /Users/user/Nex/system/CodeIgniter.php(928): App\Controllers\Page->topics('build', 'assets', 'css', 'bootstrap.min.c...')
#2 /Users/user/Nex/system/CodeIgniter.php(436): CodeIgniter\CodeIgniter->runController(Object(App\Controllers\Page))
#3 /Users/user/Nex/system/CodeIgniter.php(336): CodeIgniter\CodeIgniter->handleRequest(NULL, Object(Config\Cache), false)
#4 /Users/user/Nex/public/index.php(37): CodeIgniter\CodeIgniter->run()
#5 {main}
CRITICAL - 2021-08-09 00:48:11 --> Trying to access array offset on value of type null
#0 /Users/user/Nex/app/Controllers/Page.php(88): CodeIgniter\Debug\Exceptions->errorHandler(8, 'Trying to acces...', '/Users/user/Nex...', 88, Array)
#1 /Users/user/Nex/system/CodeIgniter.php(928): App\Controllers\Page->topics('build', 'assets', 'css', 'bootstrap.min.c...')
#2 /Users/user/Nex/system/CodeIgniter.php(436): CodeIgniter\CodeIgniter->runController(Object(App\Controllers\Page))
#3 /Users/user/Nex/system/CodeIgniter.php(336): CodeIgniter\CodeIgniter->handleRequest(NULL, Object(Config\Cache), false)
#4 /Users/user/Nex/public/index.php(37): CodeIgniter\CodeIgniter->run()
#5 {main}
CRITICAL - 2021-08-09 00:50:34 --> Trying to access array offset on value of type null
#0 /Users/user/Nex/app/Controllers/Page.php(88): CodeIgniter\Debug\Exceptions->errorHandler(8, 'Trying to acces...', '/Users/user/Nex...', 88, Array)
#1 /Users/user/Nex/system/CodeIgniter.php(928): App\Controllers\Page->topics('build', 'assets', 'css', 'bootstrap.min.c...')
#2 /Users/user/Nex/system/CodeIgniter.php(436): CodeIgniter\CodeIgniter->runController(Object(App\Controllers\Page))
#3 /Users/user/Nex/system/CodeIgniter.php(336): CodeIgniter\CodeIgniter->handleRequest(NULL, Object(Config\Cache), false)
#4 /Users/user/Nex/public/index.php(37): CodeIgniter\CodeIgniter->run()
#5 {main}
CRITICAL - 2021-08-09 00:57:11 --> Trying to access array offset on value of type null
#0 /Users/user/Nex/app/Views/Frontend/Topics.php(51): CodeIgniter\Debug\Exceptions->errorHandler(8, 'Trying to acces...', '/Users/user/Nex...', 51, Array)
#1 /Users/user/Nex/system/View/View.php(230): include('/Users/user/Nex...')
#2 /Users/user/Nex/system/View/View.php(232): CodeIgniter\View\View->CodeIgniter\View\{closure}()
#3 /Users/user/Nex/system/Common.php(1271): CodeIgniter\View\View->render('Frontend/Topics', Array, true)
#4 /Users/user/Nex/app/Controllers/Page.php(81): view('Frontend/Topics', Array)
#5 /Users/user/Nex/system/CodeIgniter.php(928): App\Controllers\Page->subject('bootstrap-tutor...')
#6 /Users/user/Nex/system/CodeIgniter.php(436): CodeIgniter\CodeIgniter->runController(Object(App\Controllers\Page))
#7 /Users/user/Nex/system/CodeIgniter.php(336): CodeIgniter\CodeIgniter->handleRequest(NULL, Object(Config\Cache), false)
#8 /Users/user/Nex/public/index.php(37): CodeIgniter\CodeIgniter->run()
#9 {main}
CRITICAL - 2021-08-09 01:03:02 --> Trying to access array offset on value of type null
#0 /Users/user/Nex/app/Controllers/Page.php(73): CodeIgniter\Debug\Exceptions->errorHandler(8, 'Trying to acces...', '/Users/user/Nex...', 73, Array)
#1 /Users/user/Nex/system/CodeIgniter.php(928): App\Controllers\Page->subject('subjects.json')
#2 /Users/user/Nex/system/CodeIgniter.php(436): CodeIgniter\CodeIgniter->runController(Object(App\Controllers\Page))
#3 /Users/user/Nex/system/CodeIgniter.php(336): CodeIgniter\CodeIgniter->handleRequest(NULL, Object(Config\Cache), false)
#4 /Users/user/Nex/public/index.php(37): CodeIgniter\CodeIgniter->run()
#5 {main}
CRITICAL - 2021-08-09 01:03:34 --> count(): Parameter must be an array or an object that implements Countable
#0 [internal function]: CodeIgniter\Debug\Exceptions->errorHandler(2, 'count(): Parame...', '/Users/user/Nex...', 25, Array)
#1 /Users/user/Nex/app/Controllers/Api.php(25): count(Object(CodeIgniter\Database\MySQLi\Result))
#2 /Users/user/Nex/system/CodeIgniter.php(928): App\Controllers\Api->subjects()
#3 /Users/user/Nex/system/CodeIgniter.php(436): CodeIgniter\CodeIgniter->runController(Object(App\Controllers\Api))
#4 /Users/user/Nex/system/CodeIgniter.php(336): CodeIgniter\CodeIgniter->handleRequest(NULL, Object(Config\Cache), false)
#5 /Users/user/Nex/public/index.php(37): CodeIgniter\CodeIgniter->run()
#6 {main}
CRITICAL - 2021-08-09 01:05:42 --> Call to undefined method CodeIgniter\Database\MySQLi\Result::get()
#0 /Users/user/Nex/system/CodeIgniter.php(928): App\Controllers\Api->subjects()
#1 /Users/user/Nex/system/CodeIgniter.php(436): CodeIgniter\CodeIgniter->runController(Object(App\Controllers\Api))
#2 /Users/user/Nex/system/CodeIgniter.php(336): CodeIgniter\CodeIgniter->handleRequest(NULL, Object(Config\Cache), false)
#3 /Users/user/Nex/public/index.php(37): CodeIgniter\CodeIgniter->run()
#4 {main}
CRITICAL - 2021-08-09 01:26:11 --> syntax error, unexpected 'else' (T_ELSE)
#0 /Users/user/Nex/system/Autoloader/Autoloader.php(273): CodeIgniter\Autoloader\Autoloader->includeFile('/Users/user/Nex...')
#1 /Users/user/Nex/system/Autoloader/Autoloader.php(247): CodeIgniter\Autoloader\Autoloader->loadInNamespace('App\\Controllers...')
#2 [internal function]: CodeIgniter\Autoloader\Autoloader->loadClass('App\\Controllers...')
#3 [internal function]: spl_autoload_call('App\\Controllers...')
#4 /Users/user/Nex/system/CodeIgniter.php(885): class_exists('\\App\\Controller...', true)
#5 /Users/user/Nex/system/CodeIgniter.php(421): CodeIgniter\CodeIgniter->startController()
#6 /Users/user/Nex/system/CodeIgniter.php(336): CodeIgniter\CodeIgniter->handleRequest(NULL, Object(Config\Cache), false)
#7 /Users/user/Nex/public/index.php(37): CodeIgniter\CodeIgniter->run()
#8 {main}
CRITICAL - 2021-08-09 01:30:02 --> syntax error, unexpected 'else' (T_ELSE)
#0 /Users/user/Nex/system/Autoloader/Autoloader.php(273): CodeIgniter\Autoloader\Autoloader->includeFile('/Users/user/Nex...')
#1 /Users/user/Nex/system/Autoloader/Autoloader.php(247): CodeIgniter\Autoloader\Autoloader->loadInNamespace('App\\Controllers...')
#2 [internal function]: CodeIgniter\Autoloader\Autoloader->loadClass('App\\Controllers...')
#3 [internal function]: spl_autoload_call('App\\Controllers...')
#4 /Users/user/Nex/system/CodeIgniter.php(885): class_exists('\\App\\Controller...', true)
#5 /Users/user/Nex/system/CodeIgniter.php(421): CodeIgniter\CodeIgniter->startController()
#6 /Users/user/Nex/system/CodeIgniter.php(336): CodeIgniter\CodeIgniter->handleRequest(NULL, Object(Config\Cache), false)
#7 /Users/user/Nex/public/index.php(37): CodeIgniter\CodeIgniter->run()
#8 {main}
CRITICAL - 2021-08-09 05:19:04 --> Trying to access array offset on value of type null
#0 /Users/user/Nex/app/Controllers/Page.php(73): CodeIgniter\Debug\Exceptions->errorHandler(8, 'Trying to acces...', '/Users/user/Nex...', 73, Array)
#1 /Users/user/Nex/system/CodeIgniter.php(928): App\Controllers\Page->subject('blogCategories....')
#2 /Users/user/Nex/system/CodeIgniter.php(436): CodeIgniter\CodeIgniter->runController(Object(App\Controllers\Page))
#3 /Users/user/Nex/system/CodeIgniter.php(336): CodeIgniter\CodeIgniter->handleRequest(NULL, Object(Config\Cache), false)
#4 /Users/user/Nex/public/index.php(37): CodeIgniter\CodeIgniter->run()
#5 {main}
CRITICAL - 2021-08-09 05:19:17 --> Undefined property: App\Controllers\Api::$load
#0 /Users/user/Nex/app/Controllers/Api.php(45): CodeIgniter\Debug\Exceptions->errorHandler(8, 'Undefined prope...', '/Users/user/Nex...', 45, Array)
#1 /Users/user/Nex/system/CodeIgniter.php(928): App\Controllers\Api->blogCategories()
#2 /Users/user/Nex/system/CodeIgniter.php(436): CodeIgniter\CodeIgniter->runController(Object(App\Controllers\Api))
#3 /Users/user/Nex/system/CodeIgniter.php(336): CodeIgniter\CodeIgniter->handleRequest(NULL, Object(Config\Cache), false)
#4 /Users/user/Nex/public/index.php(37): CodeIgniter\CodeIgniter->run()
#5 {main}
CRITICAL - 2021-08-09 05:19:25 --> Undefined property: App\Controllers\Api::$load
#0 /Users/user/Nex/app/Controllers/Api.php(45): CodeIgniter\Debug\Exceptions->errorHandler(8, 'Undefined prope...', '/Users/user/Nex...', 45, Array)
#1 /Users/user/Nex/system/CodeIgniter.php(928): App\Controllers\Api->blogCategories()
#2 /Users/user/Nex/system/CodeIgniter.php(436): CodeIgniter\CodeIgniter->runController(Object(App\Controllers\Api))
#3 /Users/user/Nex/system/CodeIgniter.php(336): CodeIgniter\CodeIgniter->handleRequest(NULL, Object(Config\Cache), false)
#4 /Users/user/Nex/public/index.php(37): CodeIgniter\CodeIgniter->run()
#5 {main}
CRITICAL - 2021-08-09 05:21:16 --> blog is not a valid database connection group.
#0 /Users/user/Nex/app/Controllers/Api.php(45): CodeIgniter\Database\Config::connect('blog')
#1 /Users/user/Nex/system/CodeIgniter.php(928): App\Controllers\Api->blogCategories()
#2 /Users/user/Nex/system/CodeIgniter.php(436): CodeIgniter\CodeIgniter->runController(Object(App\Controllers\Api))
#3 /Users/user/Nex/system/CodeIgniter.php(336): CodeIgniter\CodeIgniter->handleRequest(NULL, Object(Config\Cache), false)
#4 /Users/user/Nex/public/index.php(37): CodeIgniter\CodeIgniter->run()
#5 {main}
CRITICAL - 2021-08-09 05:22:27 --> Call to undefined function App\Controllers\response()
#0 /Users/user/Nex/system/CodeIgniter.php(928): App\Controllers\Api->blogCategories()
#1 /Users/user/Nex/system/CodeIgniter.php(436): CodeIgniter\CodeIgniter->runController(Object(App\Controllers\Api))
#2 /Users/user/Nex/system/CodeIgniter.php(336): CodeIgniter\CodeIgniter->handleRequest(NULL, Object(Config\Cache), false)
#3 /Users/user/Nex/public/index.php(37): CodeIgniter\CodeIgniter->run()
#4 {main}
CRITICAL - 2021-08-09 05:23:33 --> Call to undefined function App\Controllers\response()
#0 /Users/user/Nex/system/CodeIgniter.php(928): App\Controllers\Api->blogCategories()
#1 /Users/user/Nex/system/CodeIgniter.php(436): CodeIgniter\CodeIgniter->runController(Object(App\Controllers\Api))
#2 /Users/user/Nex/system/CodeIgniter.php(336): CodeIgniter\CodeIgniter->handleRequest(NULL, Object(Config\Cache), false)
#3 /Users/user/Nex/public/index.php(37): CodeIgniter\CodeIgniter->run()
#4 {main}
CRITICAL - 2021-08-09 05:40:07 --> Trying to access array offset on value of type null
#0 /Users/user/Nex/app/Controllers/Page.php(73): CodeIgniter\Debug\Exceptions->errorHandler(8, 'Trying to acces...', '/Users/user/Nex...', 73, Array)
#1 /Users/user/Nex/system/CodeIgniter.php(928): App\Controllers\Page->subject('category-blogs')
#2 /Users/user/Nex/system/CodeIgniter.php(436): CodeIgniter\CodeIgniter->runController(Object(App\Controllers\Page))
#3 /Users/user/Nex/system/CodeIgniter.php(336): CodeIgniter\CodeIgniter->handleRequest(NULL, Object(Config\Cache), false)
#4 /Users/user/Nex/public/index.php(37): CodeIgniter\CodeIgniter->run()
#5 {main}
CRITICAL - 2021-08-09 05:41:37 --> Call to undefined method CodeIgniter\Database\MySQLi\Connection::select()
#0 /Users/user/Nex/system/CodeIgniter.php(928): App\Controllers\Api->categoryBlogs()
#1 /Users/user/Nex/system/CodeIgniter.php(436): CodeIgniter\CodeIgniter->runController(Object(App\Controllers\Api))
#2 /Users/user/Nex/system/CodeIgniter.php(336): CodeIgniter\CodeIgniter->handleRequest(NULL, Object(Config\Cache), false)
#3 /Users/user/Nex/public/index.php(37): CodeIgniter\CodeIgniter->run()
#4 {main}
CRITICAL - 2021-08-09 05:54:28 --> Call to undefined method CodeIgniter\Database\MySQLi\Builder::first()
#0 /Users/user/Nex/system/CodeIgniter.php(928): App\Controllers\Api->blogDetail()
#1 /Users/user/Nex/system/CodeIgniter.php(436): CodeIgniter\CodeIgniter->runController(Object(App\Controllers\Api))
#2 /Users/user/Nex/system/CodeIgniter.php(336): CodeIgniter\CodeIgniter->handleRequest(NULL, Object(Config\Cache), false)
#3 /Users/user/Nex/public/index.php(37): CodeIgniter\CodeIgniter->run()
#4 {main}
CRITICAL - 2021-08-09 05:56:00 --> Call to undefined method CodeIgniter\Database\MySQLi\Builder::first()
#0 /Users/user/Nex/system/CodeIgniter.php(928): App\Controllers\Api->blogDetail()
#1 /Users/user/Nex/system/CodeIgniter.php(436): CodeIgniter\CodeIgniter->runController(Object(App\Controllers\Api))
#2 /Users/user/Nex/system/CodeIgniter.php(336): CodeIgniter\CodeIgniter->handleRequest(NULL, Object(Config\Cache), false)
#3 /Users/user/Nex/public/index.php(37): CodeIgniter\CodeIgniter->run()
#4 {main}
CRITICAL - 2021-08-09 05:56:01 --> Call to undefined method CodeIgniter\Database\MySQLi\Builder::first()
#0 /Users/user/Nex/system/CodeIgniter.php(928): App\Controllers\Api->blogDetail()
#1 /Users/user/Nex/system/CodeIgniter.php(436): CodeIgniter\CodeIgniter->runController(Object(App\Controllers\Api))
#2 /Users/user/Nex/system/CodeIgniter.php(336): CodeIgniter\CodeIgniter->handleRequest(NULL, Object(Config\Cache), false)
#3 /Users/user/Nex/public/index.php(37): CodeIgniter\CodeIgniter->run()
#4 {main}
CRITICAL - 2021-08-09 05:56:01 --> Call to undefined method CodeIgniter\Database\MySQLi\Builder::first()
#0 /Users/user/Nex/system/CodeIgniter.php(928): App\Controllers\Api->blogDetail()
#1 /Users/user/Nex/system/CodeIgniter.php(436): CodeIgniter\CodeIgniter->runController(Object(App\Controllers\Api))
#2 /Users/user/Nex/system/CodeIgniter.php(336): CodeIgniter\CodeIgniter->handleRequest(NULL, Object(Config\Cache), false)
#3 /Users/user/Nex/public/index.php(37): CodeIgniter\CodeIgniter->run()
#4 {main}
CRITICAL - 2021-08-09 05:56:02 --> Call to undefined method CodeIgniter\Database\MySQLi\Builder::first()
#0 /Users/user/Nex/system/CodeIgniter.php(928): App\Controllers\Api->blogDetail()
#1 /Users/user/Nex/system/CodeIgniter.php(436): CodeIgniter\CodeIgniter->runController(Object(App\Controllers\Api))
#2 /Users/user/Nex/system/CodeIgniter.php(336): CodeIgniter\CodeIgniter->handleRequest(NULL, Object(Config\Cache), false)
#3 /Users/user/Nex/public/index.php(37): CodeIgniter\CodeIgniter->run()
#4 {main}
CRITICAL - 2021-08-09 05:56:02 --> Call to undefined method CodeIgniter\Database\MySQLi\Builder::first()
#0 /Users/user/Nex/system/CodeIgniter.php(928): App\Controllers\Api->blogDetail()
#1 /Users/user/Nex/system/CodeIgniter.php(436): CodeIgniter\CodeIgniter->runController(Object(App\Controllers\Api))
#2 /Users/user/Nex/system/CodeIgniter.php(336): CodeIgniter\CodeIgniter->handleRequest(NULL, Object(Config\Cache), false)
#3 /Users/user/Nex/public/index.php(37): CodeIgniter\CodeIgniter->run()
#4 {main}
CRITICAL - 2021-08-09 05:56:02 --> Call to undefined method CodeIgniter\Database\MySQLi\Builder::first()
#0 /Users/user/Nex/system/CodeIgniter.php(928): App\Controllers\Api->blogDetail()
#1 /Users/user/Nex/system/CodeIgniter.php(436): CodeIgniter\CodeIgniter->runController(Object(App\Controllers\Api))
#2 /Users/user/Nex/system/CodeIgniter.php(336): CodeIgniter\CodeIgniter->handleRequest(NULL, Object(Config\Cache), false)
#3 /Users/user/Nex/public/index.php(37): CodeIgniter\CodeIgniter->run()
#4 {main}
CRITICAL - 2021-08-09 05:56:02 --> Call to undefined method CodeIgniter\Database\MySQLi\Builder::first()
#0 /Users/user/Nex/system/CodeIgniter.php(928): App\Controllers\Api->blogDetail()
#1 /Users/user/Nex/system/CodeIgniter.php(436): CodeIgniter\CodeIgniter->runController(Object(App\Controllers\Api))
#2 /Users/user/Nex/system/CodeIgniter.php(336): CodeIgniter\CodeIgniter->handleRequest(NULL, Object(Config\Cache), false)
#3 /Users/user/Nex/public/index.php(37): CodeIgniter\CodeIgniter->run()
#4 {main}
CRITICAL - 2021-08-09 05:56:23 --> Undefined property: CodeIgniter\Database\MySQLi\Result::$post_content
#0 /Users/user/Nex/app/Controllers/Api.php(91): CodeIgniter\Debug\Exceptions->errorHandler(8, 'Undefined prope...', '/Users/user/Nex...', 91, Array)
#1 /Users/user/Nex/system/CodeIgniter.php(928): App\Controllers\Api->blogDetail()
#2 /Users/user/Nex/system/CodeIgniter.php(436): CodeIgniter\CodeIgniter->runController(Object(App\Controllers\Api))
#3 /Users/user/Nex/system/CodeIgniter.php(336): CodeIgniter\CodeIgniter->handleRequest(NULL, Object(Config\Cache), false)
#4 /Users/user/Nex/public/index.php(37): CodeIgniter\CodeIgniter->run()
#5 {main}
CRITICAL - 2021-08-09 05:56:51 --> Call to undefined method CodeIgniter\Database\MySQLi\Builder::first()
#0 /Users/user/Nex/system/CodeIgniter.php(928): App\Controllers\Api->blogDetail()
#1 /Users/user/Nex/system/CodeIgniter.php(436): CodeIgniter\CodeIgniter->runController(Object(App\Controllers\Api))
#2 /Users/user/Nex/system/CodeIgniter.php(336): CodeIgniter\CodeIgniter->handleRequest(NULL, Object(Config\Cache), false)
#3 /Users/user/Nex/public/index.php(37): CodeIgniter\CodeIgniter->run()
#4 {main}
CRITICAL - 2021-08-09 05:57:03 --> Undefined property: CodeIgniter\Database\MySQLi\Result::$post_content
#0 /Users/user/Nex/app/Controllers/Api.php(91): CodeIgniter\Debug\Exceptions->errorHandler(8, 'Undefined prope...', '/Users/user/Nex...', 91, Array)
#1 /Users/user/Nex/system/CodeIgniter.php(928): App\Controllers\Api->blogDetail()
#2 /Users/user/Nex/system/CodeIgniter.php(436): CodeIgniter\CodeIgniter->runController(Object(App\Controllers\Api))
#3 /Users/user/Nex/system/CodeIgniter.php(336): CodeIgniter\CodeIgniter->handleRequest(NULL, Object(Config\Cache), false)
#4 /Users/user/Nex/public/index.php(37): CodeIgniter\CodeIgniter->run()
#5 {main}
CRITICAL - 2021-08-09 05:58:37 --> Call to undefined method CodeIgniter\Database\MySQLi\Builder::first()
#0 /Users/user/Nex/system/CodeIgniter.php(928): App\Controllers\Api->blogDetail()
#1 /Users/user/Nex/system/CodeIgniter.php(436): CodeIgniter\CodeIgniter->runController(Object(App\Controllers\Api))
#2 /Users/user/Nex/system/CodeIgniter.php(336): CodeIgniter\CodeIgniter->handleRequest(NULL, Object(Config\Cache), false)
#3 /Users/user/Nex/public/index.php(37): CodeIgniter\CodeIgniter->run()
#4 {main}
CRITICAL - 2021-08-09 05:59:26 --> Call to undefined method CodeIgniter\Database\MySQLi\Builder::first()
#0 /Users/user/Nex/system/CodeIgniter.php(928): App\Controllers\Api->blogDetail()
#1 /Users/user/Nex/system/CodeIgniter.php(436): CodeIgniter\CodeIgniter->runController(Object(App\Controllers\Api))
#2 /Users/user/Nex/system/CodeIgniter.php(336): CodeIgniter\CodeIgniter->handleRequest(NULL, Object(Config\Cache), false)
#3 /Users/user/Nex/public/index.php(37): CodeIgniter\CodeIgniter->run()
#4 {main}
CRITICAL - 2021-08-09 06:00:09 --> syntax error, unexpected ']', expecting ')'
#0 /Users/user/Nex/system/Autoloader/Autoloader.php(273): CodeIgniter\Autoloader\Autoloader->includeFile('/Users/user/Nex...')
#1 /Users/user/Nex/system/Autoloader/Autoloader.php(247): CodeIgniter\Autoloader\Autoloader->loadInNamespace('App\\Controllers...')
#2 [internal function]: CodeIgniter\Autoloader\Autoloader->loadClass('App\\Controllers...')
#3 [internal function]: spl_autoload_call('App\\Controllers...')
#4 /Users/user/Nex/system/CodeIgniter.php(885): class_exists('\\App\\Controller...', true)
#5 /Users/user/Nex/system/CodeIgniter.php(421): CodeIgniter\CodeIgniter->startController()
#6 /Users/user/Nex/system/CodeIgniter.php(336): CodeIgniter\CodeIgniter->handleRequest(NULL, Object(Config\Cache), false)
#7 /Users/user/Nex/public/index.php(37): CodeIgniter\CodeIgniter->run()
#8 {main}
CRITICAL - 2021-08-09 06:00:19 --> Call to undefined method CodeIgniter\Database\MySQLi\Builder::first()
#0 /Users/user/Nex/system/CodeIgniter.php(928): App\Controllers\Api->blogDetail()
#1 /Users/user/Nex/system/CodeIgniter.php(436): CodeIgniter\CodeIgniter->runController(Object(App\Controllers\Api))
#2 /Users/user/Nex/system/CodeIgniter.php(336): CodeIgniter\CodeIgniter->handleRequest(NULL, Object(Config\Cache), false)
#3 /Users/user/Nex/public/index.php(37): CodeIgniter\CodeIgniter->run()
#4 {main}
CRITICAL - 2021-08-09 06:05:30 --> Call to undefined method CodeIgniter\Database\MySQLi\Builder::first()
#0 /Users/user/Nex/system/CodeIgniter.php(928): App\Controllers\Api->blogDetail('386')
#1 /Users/user/Nex/system/CodeIgniter.php(436): CodeIgniter\CodeIgniter->runController(Object(App\Controllers\Api))
#2 /Users/user/Nex/system/CodeIgniter.php(336): CodeIgniter\CodeIgniter->handleRequest(NULL, Object(Config\Cache), false)
#3 /Users/user/Nex/public/index.php(37): CodeIgniter\CodeIgniter->run()
#4 {main}
CRITICAL - 2021-08-09 06:05:51 --> Call to undefined method CodeIgniter\Database\MySQLi\Builder::first()
#0 /Users/user/Nex/system/CodeIgniter.php(928): App\Controllers\Api->blogDetail('386')
#1 /Users/user/Nex/system/CodeIgniter.php(436): CodeIgniter\CodeIgniter->runController(Object(App\Controllers\Api))
#2 /Users/user/Nex/system/CodeIgniter.php(336): CodeIgniter\CodeIgniter->handleRequest(NULL, Object(Config\Cache), false)
#3 /Users/user/Nex/public/index.php(37): CodeIgniter\CodeIgniter->run()
#4 {main}
CRITICAL - 2021-08-09 06:06:10 --> Trying to get property 'post_content' of non-object
#0 /Users/user/Nex/app/Controllers/Api.php(91): CodeIgniter\Debug\Exceptions->errorHandler(8, 'Trying to get p...', '/Users/user/Nex...', 91, Array)
#1 /Users/user/Nex/system/CodeIgniter.php(928): App\Controllers\Api->blogDetail('386')
#2 /Users/user/Nex/system/CodeIgniter.php(436): CodeIgniter\CodeIgniter->runController(Object(App\Controllers\Api))
#3 /Users/user/Nex/system/CodeIgniter.php(336): CodeIgniter\CodeIgniter->handleRequest(NULL, Object(Config\Cache), false)
#4 /Users/user/Nex/public/index.php(37): CodeIgniter\CodeIgniter->run()
#5 {main}
CRITICAL - 2021-08-09 06:06:24 --> Invalid file: Frontend/Pages/Topic_webview.php
#0 /Users/user/Nex/system/View/View.php(213): CodeIgniter\Exceptions\FrameworkException::forInvalidFile('Frontend/Pages/...')
#1 /Users/user/Nex/system/Common.php(1271): CodeIgniter\View\View->render('Frontend/Pages/...', Array, true)
#2 /Users/user/Nex/app/Controllers/Api.php(93): view('Frontend/Pages/...', Array)
#3 /Users/user/Nex/system/CodeIgniter.php(928): App\Controllers\Api->blogDetail('386')
#4 /Users/user/Nex/system/CodeIgniter.php(436): CodeIgniter\CodeIgniter->runController(Object(App\Controllers\Api))
#5 /Users/user/Nex/system/CodeIgniter.php(336): CodeIgniter\CodeIgniter->handleRequest(NULL, Object(Config\Cache), false)
#6 /Users/user/Nex/public/index.php(37): CodeIgniter\CodeIgniter->run()
#7 {main}
CRITICAL - 2021-08-09 06:12:42 --> Class 'App\Controllers\stdClass' not found
#0 /Users/user/Nex/system/CodeIgniter.php(928): App\Controllers\Api->blogDetail('386')
#1 /Users/user/Nex/system/CodeIgniter.php(436): CodeIgniter\CodeIgniter->runController(Object(App\Controllers\Api))
#2 /Users/user/Nex/system/CodeIgniter.php(336): CodeIgniter\CodeIgniter->handleRequest(NULL, Object(Config\Cache), false)
#3 /Users/user/Nex/public/index.php(37): CodeIgniter\CodeIgniter->run()
#4 {main}
CRITICAL - 2021-08-09 06:12:55 --> Invalid file: Frontend/Pages/Topic_webview.php
#0 /Users/user/Nex/system/View/View.php(213): CodeIgniter\Exceptions\FrameworkException::forInvalidFile('Frontend/Pages/...')
#1 /Users/user/Nex/system/Common.php(1271): CodeIgniter\View\View->render('Frontend/Pages/...', Array, true)
#2 /Users/user/Nex/app/Controllers/Api.php(98): view('Frontend/Pages/...', Array)
#3 /Users/user/Nex/system/CodeIgniter.php(928): App\Controllers\Api->blogDetail('386')
#4 /Users/user/Nex/system/CodeIgniter.php(436): CodeIgniter\CodeIgniter->runController(Object(App\Controllers\Api))
#5 /Users/user/Nex/system/CodeIgniter.php(336): CodeIgniter\CodeIgniter->handleRequest(NULL, Object(Config\Cache), false)
#6 /Users/user/Nex/public/index.php(37): CodeIgniter\CodeIgniter->run()
#7 {main}
CRITICAL - 2021-08-09 06:13:33 --> Invalid file: Frontend/Pages/Topic_webview.php
#0 /Users/user/Nex/system/View/View.php(213): CodeIgniter\Exceptions\FrameworkException::forInvalidFile('Frontend/Pages/...')
#1 /Users/user/Nex/system/Common.php(1271): CodeIgniter\View\View->render('Frontend/Pages/...', Array, true)
#2 /Users/user/Nex/app/Controllers/Api.php(98): view('Frontend/Pages/...', Array)
#3 /Users/user/Nex/system/CodeIgniter.php(928): App\Controllers\Api->blogDetail('386')
#4 /Users/user/Nex/system/CodeIgniter.php(436): CodeIgniter\CodeIgniter->runController(Object(App\Controllers\Api))
#5 /Users/user/Nex/system/CodeIgniter.php(336): CodeIgniter\CodeIgniter->handleRequest(NULL, Object(Config\Cache), false)
#6 /Users/user/Nex/public/index.php(37): CodeIgniter\CodeIgniter->run()
#7 {main}
CRITICAL - 2021-08-09 06:13:47 --> syntax error, unexpected 'new' (T_NEW), expecting identifier (T_STRING)
#0 /Users/user/Nex/system/Autoloader/Autoloader.php(273): CodeIgniter\Autoloader\Autoloader->includeFile('/Users/user/Nex...')
#1 /Users/user/Nex/system/Autoloader/Autoloader.php(247): CodeIgniter\Autoloader\Autoloader->loadInNamespace('App\\Controllers...')
#2 [internal function]: CodeIgniter\Autoloader\Autoloader->loadClass('App\\Controllers...')
#3 [internal function]: spl_autoload_call('App\\Controllers...')
#4 /Users/user/Nex/system/CodeIgniter.php(885): class_exists('\\App\\Controller...', true)
#5 /Users/user/Nex/system/CodeIgniter.php(421): CodeIgniter\CodeIgniter->startController()
#6 /Users/user/Nex/system/CodeIgniter.php(336): CodeIgniter\CodeIgniter->handleRequest(NULL, Object(Config\Cache), false)
#7 /Users/user/Nex/public/index.php(37): CodeIgniter\CodeIgniter->run()
#8 {main}
CRITICAL - 2021-08-09 06:13:53 --> Creating default object from empty value
#0 /Users/user/Nex/app/Controllers/Api.php(95): CodeIgniter\Debug\Exceptions->errorHandler(2, 'Creating defaul...', '/Users/user/Nex...', 95, Array)
#1 /Users/user/Nex/system/CodeIgniter.php(928): App\Controllers\Api->blogDetail('386')
#2 /Users/user/Nex/system/CodeIgniter.php(436): CodeIgniter\CodeIgniter->runController(Object(App\Controllers\Api))
#3 /Users/user/Nex/system/CodeIgniter.php(336): CodeIgniter\CodeIgniter->handleRequest(NULL, Object(Config\Cache), false)
#4 /Users/user/Nex/public/index.php(37): CodeIgniter\CodeIgniter->run()
#5 {main}
CRITICAL - 2021-08-09 06:14:44 --> syntax error, unexpected 'new' (T_NEW), expecting identifier (T_STRING)
#0 /Users/user/Nex/system/Autoloader/Autoloader.php(273): CodeIgniter\Autoloader\Autoloader->includeFile('/Users/user/Nex...')
#1 /Users/user/Nex/system/Autoloader/Autoloader.php(247): CodeIgniter\Autoloader\Autoloader->loadInNamespace('App\\Controllers...')
#2 [internal function]: CodeIgniter\Autoloader\Autoloader->loadClass('App\\Controllers...')
#3 [internal function]: spl_autoload_call('App\\Controllers...')
#4 /Users/user/Nex/system/CodeIgniter.php(885): class_exists('\\App\\Controller...', true)
#5 /Users/user/Nex/system/CodeIgniter.php(421): CodeIgniter\CodeIgniter->startController()
#6 /Users/user/Nex/system/CodeIgniter.php(336): CodeIgniter\CodeIgniter->handleRequest(NULL, Object(Config\Cache), false)
#7 /Users/user/Nex/public/index.php(37): CodeIgniter\CodeIgniter->run()
#8 {main}
CRITICAL - 2021-08-09 06:14:52 --> Class 'App\Controllers\stdClass' not found
#0 /Users/user/Nex/system/CodeIgniter.php(928): App\Controllers\Api->blogDetail('386')
#1 /Users/user/Nex/system/CodeIgniter.php(436): CodeIgniter\CodeIgniter->runController(Object(App\Controllers\Api))
#2 /Users/user/Nex/system/CodeIgniter.php(336): CodeIgniter\CodeIgniter->handleRequest(NULL, Object(Config\Cache), false)
#3 /Users/user/Nex/public/index.php(37): CodeIgniter\CodeIgniter->run()
#4 {main}
CRITICAL - 2021-08-09 06:15:06 --> Class 'App\Controllers\stdClass' not found
#0 /Users/user/Nex/system/CodeIgniter.php(928): App\Controllers\Api->blogDetail('386')
#1 /Users/user/Nex/system/CodeIgniter.php(436): CodeIgniter\CodeIgniter->runController(Object(App\Controllers\Api))
#2 /Users/user/Nex/system/CodeIgniter.php(336): CodeIgniter\CodeIgniter->handleRequest(NULL, Object(Config\Cache), false)
#3 /Users/user/Nex/public/index.php(37): CodeIgniter\CodeIgniter->run()
#4 {main}
CRITICAL - 2021-08-09 06:15:21 --> Creating default object from empty value
#0 /Users/user/Nex/app/Controllers/Api.php(95): CodeIgniter\Debug\Exceptions->errorHandler(2, 'Creating defaul...', '/Users/user/Nex...', 95, Array)
#1 /Users/user/Nex/system/CodeIgniter.php(928): App\Controllers\Api->blogDetail('386')
#2 /Users/user/Nex/system/CodeIgniter.php(436): CodeIgniter\CodeIgniter->runController(Object(App\Controllers\Api))
#3 /Users/user/Nex/system/CodeIgniter.php(336): CodeIgniter\CodeIgniter->handleRequest(NULL, Object(Config\Cache), false)
#4 /Users/user/Nex/public/index.php(37): CodeIgniter\CodeIgniter->run()
#5 {main}
CRITICAL - 2021-08-09 06:16:19 --> Creating default object from empty value
#0 /Users/user/Nex/app/Controllers/Api.php(95): CodeIgniter\Debug\Exceptions->errorHandler(2, 'Creating defaul...', '/Users/user/Nex...', 95, Array)
#1 /Users/user/Nex/system/CodeIgniter.php(928): App\Controllers\Api->blogDetail('386')
#2 /Users/user/Nex/system/CodeIgniter.php(436): CodeIgniter\CodeIgniter->runController(Object(App\Controllers\Api))
#3 /Users/user/Nex/system/CodeIgniter.php(336): CodeIgniter\CodeIgniter->handleRequest(NULL, Object(Config\Cache), false)
#4 /Users/user/Nex/public/index.php(37): CodeIgniter\CodeIgniter->run()
#5 {main}
CRITICAL - 2021-08-09 06:17:29 --> Invalid file: Frontend/Pages/Topic_webview.php
#0 /Users/user/Nex/system/View/View.php(213): CodeIgniter\Exceptions\FrameworkException::forInvalidFile('Frontend/Pages/...')
#1 /Users/user/Nex/system/Common.php(1271): CodeIgniter\View\View->render('Frontend/Pages/...', Array, true)
#2 /Users/user/Nex/app/Controllers/Api.php(98): view('Frontend/Pages/...', Array)
#3 /Users/user/Nex/system/CodeIgniter.php(928): App\Controllers\Api->blogDetail('386')
#4 /Users/user/Nex/system/CodeIgniter.php(436): CodeIgniter\CodeIgniter->runController(Object(App\Controllers\Api))
#5 /Users/user/Nex/system/CodeIgniter.php(336): CodeIgniter\CodeIgniter->handleRequest(NULL, Object(Config\Cache), false)
#6 /Users/user/Nex/public/index.php(37): CodeIgniter\CodeIgniter->run()
#7 {main}
CRITICAL - 2021-08-09 06:18:20 --> Invalid file: Frontend/Pages/Topic_webview.php
#0 /Users/user/Nex/system/View/View.php(213): CodeIgniter\Exceptions\FrameworkException::forInvalidFile('Frontend/Pages/...')
#1 /Users/user/Nex/system/Common.php(1271): CodeIgniter\View\View->render('Frontend/Pages/...', Array, true)
#2 /Users/user/Nex/app/Controllers/Api.php(100): view('Frontend/Pages/...', Array)
#3 /Users/user/Nex/system/CodeIgniter.php(928): App\Controllers\Api->blogDetail('386')
#4 /Users/user/Nex/system/CodeIgniter.php(436): CodeIgniter\CodeIgniter->runController(Object(App\Controllers\Api))
#5 /Users/user/Nex/system/CodeIgniter.php(336): CodeIgniter\CodeIgniter->handleRequest(NULL, Object(Config\Cache), false)
#6 /Users/user/Nex/public/index.php(37): CodeIgniter\CodeIgniter->run()
#7 {main}
CRITICAL - 2021-08-09 06:19:15 --> Invalid file: Frontend/Pages/Topic_webview.php
#0 /Users/user/Nex/system/View/View.php(213): CodeIgniter\Exceptions\FrameworkException::forInvalidFile('Frontend/Pages/...')
#1 /Users/user/Nex/system/Common.php(1271): CodeIgniter\View\View->render('Frontend/Pages/...', Array, true)
#2 /Users/user/Nex/app/Controllers/Api.php(99): view('Frontend/Pages/...', Array)
#3 /Users/user/Nex/system/CodeIgniter.php(928): App\Controllers\Api->blogDetail('386')
#4 /Users/user/Nex/system/CodeIgniter.php(436): CodeIgniter\CodeIgniter->runController(Object(App\Controllers\Api))
#5 /Users/user/Nex/system/CodeIgniter.php(336): CodeIgniter\CodeIgniter->handleRequest(NULL, Object(Config\Cache), false)
#6 /Users/user/Nex/public/index.php(37): CodeIgniter\CodeIgniter->run()
#7 {main}
CRITICAL - 2021-08-09 06:19:22 --> Invalid file: Frontend/Pages/Topic_webview.php
#0 /Users/user/Nex/system/View/View.php(213): CodeIgniter\Exceptions\FrameworkException::forInvalidFile('Frontend/Pages/...')
#1 /Users/user/Nex/system/Common.php(1271): CodeIgniter\View\View->render('Frontend/Pages/...', Array, true)
#2 /Users/user/Nex/app/Controllers/Api.php(99): view('Frontend/Pages/...', Array)
#3 /Users/user/Nex/system/CodeIgniter.php(928): App\Controllers\Api->blogDetail('386')
#4 /Users/user/Nex/system/CodeIgniter.php(436): CodeIgniter\CodeIgniter->runController(Object(App\Controllers\Api))
#5 /Users/user/Nex/system/CodeIgniter.php(336): CodeIgniter\CodeIgniter->handleRequest(NULL, Object(Config\Cache), false)
#6 /Users/user/Nex/public/index.php(37): CodeIgniter\CodeIgniter->run()
#7 {main}
CRITICAL - 2021-08-09 06:19:39 --> compact(): Undefined variable: info
#0 [internal function]: CodeIgniter\Debug\Exceptions->errorHandler(8, 'compact(): Unde...', '/Users/user/Nex...', 95, Array)
#1 /Users/user/Nex/app/Controllers/Api.php(95): compact('info')
#2 /Users/user/Nex/system/CodeIgniter.php(928): App\Controllers\Api->blogDetail('386')
#3 /Users/user/Nex/system/CodeIgniter.php(436): CodeIgniter\CodeIgniter->runController(Object(App\Controllers\Api))
#4 /Users/user/Nex/system/CodeIgniter.php(336): CodeIgniter\CodeIgniter->handleRequest(NULL, Object(Config\Cache), false)
#5 /Users/user/Nex/public/index.php(37): CodeIgniter\CodeIgniter->run()
#6 {main}
CRITICAL - 2021-08-09 06:19:44 --> compact(): Undefined variable: info
#0 [internal function]: CodeIgniter\Debug\Exceptions->errorHandler(8, 'compact(): Unde...', '/Users/user/Nex...', 95, Array)
#1 /Users/user/Nex/app/Controllers/Api.php(95): compact('info')
#2 /Users/user/Nex/system/CodeIgniter.php(928): App\Controllers\Api->blogDetail('386')
#3 /Users/user/Nex/system/CodeIgniter.php(436): CodeIgniter\CodeIgniter->runController(Object(App\Controllers\Api))
#4 /Users/user/Nex/system/CodeIgniter.php(336): CodeIgniter\CodeIgniter->handleRequest(NULL, Object(Config\Cache), false)
#5 /Users/user/Nex/public/index.php(37): CodeIgniter\CodeIgniter->run()
#6 {main}
CRITICAL - 2021-08-09 06:20:26 --> Invalid file: Frontend/Pages/Topic_webview.php
#0 /Users/user/Nex/system/View/View.php(213): CodeIgniter\Exceptions\FrameworkException::forInvalidFile('Frontend/Pages/...')
#1 /Users/user/Nex/system/Common.php(1271): CodeIgniter\View\View->render('Frontend/Pages/...', Array, true)
#2 /Users/user/Nex/app/Controllers/Api.php(98): view('Frontend/Pages/...', Array)
#3 /Users/user/Nex/system/CodeIgniter.php(928): App\Controllers\Api->blogDetail('386')
#4 /Users/user/Nex/system/CodeIgniter.php(436): CodeIgniter\CodeIgniter->runController(Object(App\Controllers\Api))
#5 /Users/user/Nex/system/CodeIgniter.php(336): CodeIgniter\CodeIgniter->handleRequest(NULL, Object(Config\Cache), false)
#6 /Users/user/Nex/public/index.php(37): CodeIgniter\CodeIgniter->run()
#7 {main}
CRITICAL - 2021-08-09 06:20:46 --> Invalid file: Frontend/Pages/Topic_webview.php
#0 /Users/user/Nex/system/View/View.php(213): CodeIgniter\Exceptions\FrameworkException::forInvalidFile('Frontend/Pages/...')
#1 /Users/user/Nex/system/Common.php(1271): CodeIgniter\View\View->render('Frontend/Pages/...', Array, true)
#2 /Users/user/Nex/app/Controllers/Api.php(98): view('Frontend/Pages/...', Array)
#3 /Users/user/Nex/system/CodeIgniter.php(928): App\Controllers\Api->blogDetail('386')
#4 /Users/user/Nex/system/CodeIgniter.php(436): CodeIgniter\CodeIgniter->runController(Object(App\Controllers\Api))
#5 /Users/user/Nex/system/CodeIgniter.php(336): CodeIgniter\CodeIgniter->handleRequest(NULL, Object(Config\Cache), false)
#6 /Users/user/Nex/public/index.php(37): CodeIgniter\CodeIgniter->run()
#7 {main}
CRITICAL - 2021-08-09 06:27:15 --> Invalid file: Frontend/Pages/Topic_webview.php
#0 /Users/user/Nex/system/View/View.php(213): CodeIgniter\Exceptions\FrameworkException::forInvalidFile('Frontend/Pages/...')
#1 /Users/user/Nex/system/Common.php(1271): CodeIgniter\View\View->render('Frontend/Pages/...', Array, true)
#2 /Users/user/Nex/app/Controllers/Api.php(100): view('Frontend/Pages/...', Array)
#3 /Users/user/Nex/system/CodeIgniter.php(928): App\Controllers\Api->blogDetail('386')
#4 /Users/user/Nex/system/CodeIgniter.php(436): CodeIgniter\CodeIgniter->runController(Object(App\Controllers\Api))
#5 /Users/user/Nex/system/CodeIgniter.php(336): CodeIgniter\CodeIgniter->handleRequest(NULL, Object(Config\Cache), false)
#6 /Users/user/Nex/public/index.php(37): CodeIgniter\CodeIgniter->run()
#7 {main}
CRITICAL - 2021-08-09 06:33:06 --> Invalid file: Frontend/Pages/Topic_webview.php
#0 /Users/user/Nex/system/View/View.php(213): CodeIgniter\Exceptions\FrameworkException::forInvalidFile('Frontend/Pages/...')
#1 /Users/user/Nex/system/Common.php(1271): CodeIgniter\View\View->render('Frontend/Pages/...', Array, true)
#2 /Users/user/Nex/app/Controllers/Api.php(100): view('Frontend/Pages/...', Array)
#3 /Users/user/Nex/system/CodeIgniter.php(928): App\Controllers\Api->blogDetail('386')
#4 /Users/user/Nex/system/CodeIgniter.php(436): CodeIgniter\CodeIgniter->runController(Object(App\Controllers\Api))
#5 /Users/user/Nex/system/CodeIgniter.php(336): CodeIgniter\CodeIgniter->handleRequest(NULL, Object(Config\Cache), false)
#6 /Users/user/Nex/public/index.php(37): CodeIgniter\CodeIgniter->run()
#7 {main}
CRITICAL - 2021-08-09 06:44:06 --> Invalid file: Frontend/Pages/Topic_webview.php
#0 /Users/user/Nex/system/View/View.php(213): CodeIgniter\Exceptions\FrameworkException::forInvalidFile('Frontend/Pages/...')
#1 /Users/user/Nex/system/Common.php(1271): CodeIgniter\View\View->render('Frontend/Pages/...', Array, true)
#2 /Users/user/Nex/app/Controllers/Api.php(100): view('Frontend/Pages/...', Array)
#3 /Users/user/Nex/system/CodeIgniter.php(928): App\Controllers\Api->blogDetail('386')
#4 /Users/user/Nex/system/CodeIgniter.php(436): CodeIgniter\CodeIgniter->runController(Object(App\Controllers\Api))
#5 /Users/user/Nex/system/CodeIgniter.php(336): CodeIgniter\CodeIgniter->handleRequest(NULL, Object(Config\Cache), false)
#6 /Users/user/Nex/public/index.php(37): CodeIgniter\CodeIgniter->run()
#7 {main}
CRITICAL - 2021-08-09 06:44:30 --> Invalid file: Frontend/Pages/Topic_webview.php
#0 /Users/user/Nex/system/View/View.php(213): CodeIgniter\Exceptions\FrameworkException::forInvalidFile('Frontend/Pages/...')
#1 /Users/user/Nex/system/Common.php(1271): CodeIgniter\View\View->render('Frontend/Pages/...', Array, true)
#2 /Users/user/Nex/app/Controllers/Api.php(100): view('Frontend/Pages/...', Array)
#3 /Users/user/Nex/system/CodeIgniter.php(928): App\Controllers\Api->blogDetail('386')
#4 /Users/user/Nex/system/CodeIgniter.php(436): CodeIgniter\CodeIgniter->runController(Object(App\Controllers\Api))
#5 /Users/user/Nex/system/CodeIgniter.php(336): CodeIgniter\CodeIgniter->handleRequest(NULL, Object(Config\Cache), false)
#6 /Users/user/Nex/public/index.php(37): CodeIgniter\CodeIgniter->run()
#7 {main}
CRITICAL - 2021-08-09 06:45:17 --> Invalid file: Frontend/Pages/Topic_webview.php
#0 /Users/user/Nex/system/View/View.php(213): CodeIgniter\Exceptions\FrameworkException::forInvalidFile('Frontend/Pages/...')
#1 /Users/user/Nex/system/Common.php(1271): CodeIgniter\View\View->render('Frontend/Pages/...', Array, true)
#2 /Users/user/Nex/app/Controllers/Api.php(100): view('Frontend/Pages/...', Array)
#3 /Users/user/Nex/system/CodeIgniter.php(928): App\Controllers\Api->blogDetail('386')
#4 /Users/user/Nex/system/CodeIgniter.php(436): CodeIgniter\CodeIgniter->runController(Object(App\Controllers\Api))
#5 /Users/user/Nex/system/CodeIgniter.php(336): CodeIgniter\CodeIgniter->handleRequest(NULL, Object(Config\Cache), false)
#6 /Users/user/Nex/public/index.php(37): CodeIgniter\CodeIgniter->run()
#7 {main}
CRITICAL - 2021-08-09 06:45:54 --> Invalid file: Frontend/Pages/Topic_webview.php
#0 /Users/user/Nex/system/View/View.php(213): CodeIgniter\Exceptions\FrameworkException::forInvalidFile('Frontend/Pages/...')
#1 /Users/user/Nex/system/Common.php(1271): CodeIgniter\View\View->render('Frontend/Pages/...', Array, true)
#2 /Users/user/Nex/app/Controllers/Api.php(98): view('Frontend/Pages/...', Array)
#3 /Users/user/Nex/system/CodeIgniter.php(928): App\Controllers\Api->blogDetail('386')
#4 /Users/user/Nex/system/CodeIgniter.php(436): CodeIgniter\CodeIgniter->runController(Object(App\Controllers\Api))
#5 /Users/user/Nex/system/CodeIgniter.php(336): CodeIgniter\CodeIgniter->handleRequest(NULL, Object(Config\Cache), false)
#6 /Users/user/Nex/public/index.php(37): CodeIgniter\CodeIgniter->run()
#7 {main}
CRITICAL - 2021-08-09 06:46:24 --> Invalid file: Frontend/Pages/Topic_webview.php
#0 /Users/user/Nex/system/View/View.php(213): CodeIgniter\Exceptions\FrameworkException::forInvalidFile('Frontend/Pages/...')
#1 /Users/user/Nex/system/Common.php(1271): CodeIgniter\View\View->render('Frontend/Pages/...', Array, true)
#2 /Users/user/Nex/app/Controllers/Api.php(98): view('Frontend/Pages/...', Array)
#3 /Users/user/Nex/system/CodeIgniter.php(928): App\Controllers\Api->blogDetail('386')
#4 /Users/user/Nex/system/CodeIgniter.php(436): CodeIgniter\CodeIgniter->runController(Object(App\Controllers\Api))
#5 /Users/user/Nex/system/CodeIgniter.php(336): CodeIgniter\CodeIgniter->handleRequest(NULL, Object(Config\Cache), false)
#6 /Users/user/Nex/public/index.php(37): CodeIgniter\CodeIgniter->run()
#7 {main}
CRITICAL - 2021-08-09 06:47:33 --> Invalid file: Frontend/Pages/Topic_webview.php
#0 /Users/user/Nex/system/View/View.php(213): CodeIgniter\Exceptions\FrameworkException::forInvalidFile('Frontend/Pages/...')
#1 /Users/user/Nex/system/Common.php(1271): CodeIgniter\View\View->render('Frontend/Pages/...', Array, true)
#2 /Users/user/Nex/app/Controllers/Api.php(98): view('Frontend/Pages/...', Array)
#3 /Users/user/Nex/system/CodeIgniter.php(928): App\Controllers\Api->blogDetail('386')
#4 /Users/user/Nex/system/CodeIgniter.php(436): CodeIgniter\CodeIgniter->runController(Object(App\Controllers\Api))
#5 /Users/user/Nex/system/CodeIgniter.php(336): CodeIgniter\CodeIgniter->handleRequest(NULL, Object(Config\Cache), false)
#6 /Users/user/Nex/public/index.php(37): CodeIgniter\CodeIgniter->run()
#7 {main}
CRITICAL - 2021-08-09 06:48:51 --> Invalid file: Frontend/Pages/Topic_webview.php
#0 /Users/user/Nex/system/View/View.php(213): CodeIgniter\Exceptions\FrameworkException::forInvalidFile('Frontend/Pages/...')
#1 /Users/user/Nex/system/Common.php(1271): CodeIgniter\View\View->render('Frontend/Pages/...', Array, true)
#2 /Users/user/Nex/app/Controllers/Api.php(98): view('Frontend/Pages/...', Array)
#3 /Users/user/Nex/system/CodeIgniter.php(928): App\Controllers\Api->blogDetail('386')
#4 /Users/user/Nex/system/CodeIgniter.php(436): CodeIgniter\CodeIgniter->runController(Object(App\Controllers\Api))
#5 /Users/user/Nex/system/CodeIgniter.php(336): CodeIgniter\CodeIgniter->handleRequest(NULL, Object(Config\Cache), false)
#6 /Users/user/Nex/public/index.php(37): CodeIgniter\CodeIgniter->run()
#7 {main}
CRITICAL - 2021-08-09 06:49:06 --> Invalid file: Frontend/Pages/Topic_webview.php
#0 /Users/user/Nex/system/View/View.php(213): CodeIgniter\Exceptions\FrameworkException::forInvalidFile('Frontend/Pages/...')
#1 /Users/user/Nex/system/Common.php(1271): CodeIgniter\View\View->render('Frontend/Pages/...', Array, true)
#2 /Users/user/Nex/app/Controllers/Api.php(98): view('Frontend/Pages/...', Array)
#3 /Users/user/Nex/system/CodeIgniter.php(928): App\Controllers\Api->blogDetail('386')
#4 /Users/user/Nex/system/CodeIgniter.php(436): CodeIgniter\CodeIgniter->runController(Object(App\Controllers\Api))
#5 /Users/user/Nex/system/CodeIgniter.php(336): CodeIgniter\CodeIgniter->handleRequest(NULL, Object(Config\Cache), false)
#6 /Users/user/Nex/public/index.php(37): CodeIgniter\CodeIgniter->run()
#7 {main}
CRITICAL - 2021-08-09 06:49:54 --> Invalid file: Frontend/Pages/Topic_webview.php
#0 /Users/user/Nex/system/View/View.php(213): CodeIgniter\Exceptions\FrameworkException::forInvalidFile('Frontend/Pages/...')
#1 /Users/user/Nex/system/Common.php(1271): CodeIgniter\View\View->render('Frontend/Pages/...', Array, true)
#2 /Users/user/Nex/app/Controllers/Api.php(98): view('Frontend/Pages/...', Array)
#3 /Users/user/Nex/system/CodeIgniter.php(928): App\Controllers\Api->blogDetail('386')
#4 /Users/user/Nex/system/CodeIgniter.php(436): CodeIgniter\CodeIgniter->runController(Object(App\Controllers\Api))
#5 /Users/user/Nex/system/CodeIgniter.php(336): CodeIgniter\CodeIgniter->handleRequest(NULL, Object(Config\Cache), false)
#6 /Users/user/Nex/public/index.php(37): CodeIgniter\CodeIgniter->run()
#7 {main}
CRITICAL - 2021-08-09 06:50:36 --> Invalid file: Frontend/Pages/Topic_webview.php
#0 /Users/user/Nex/system/View/View.php(213): CodeIgniter\Exceptions\FrameworkException::forInvalidFile('Frontend/Pages/...')
#1 /Users/user/Nex/system/Common.php(1271): CodeIgniter\View\View->render('Frontend/Pages/...', Array, true)
#2 /Users/user/Nex/app/Controllers/Api.php(99): view('Frontend/Pages/...')
#3 /Users/user/Nex/system/CodeIgniter.php(928): App\Controllers\Api->blogDetail('386')
#4 /Users/user/Nex/system/CodeIgniter.php(436): CodeIgniter\CodeIgniter->runController(Object(App\Controllers\Api))
#5 /Users/user/Nex/system/CodeIgniter.php(336): CodeIgniter\CodeIgniter->handleRequest(NULL, Object(Config\Cache), false)
#6 /Users/user/Nex/public/index.php(37): CodeIgniter\CodeIgniter->run()
#7 {main}
CRITICAL - 2021-08-09 06:51:35 --> Trying to access array offset on value of type null
#0 /Users/user/Nex/app/Controllers/Page.php(88): CodeIgniter\Debug\Exceptions->errorHandler(8, 'Trying to acces...', '/Users/user/Nex...', 88, Array)
#1 /Users/user/Nex/system/CodeIgniter.php(928): App\Controllers\Page->topics('build', 'assets', 'css', 'bootstrap.min.c...')
#2 /Users/user/Nex/system/CodeIgniter.php(436): CodeIgniter\CodeIgniter->runController(Object(App\Controllers\Page))
#3 /Users/user/Nex/system/CodeIgniter.php(336): CodeIgniter\CodeIgniter->handleRequest(NULL, Object(Config\Cache), false)
#4 /Users/user/Nex/public/index.php(37): CodeIgniter\CodeIgniter->run()
#5 {main}
CRITICAL - 2021-08-09 06:52:21 --> Trying to access array offset on value of type null
#0 /Users/user/Nex/app/Controllers/Page.php(88): CodeIgniter\Debug\Exceptions->errorHandler(8, 'Trying to acces...', '/Users/user/Nex...', 88, Array)
#1 /Users/user/Nex/system/CodeIgniter.php(928): App\Controllers\Page->topics('build', 'assets', 'css', 'bootstrap.min.c...')
#2 /Users/user/Nex/system/CodeIgniter.php(436): CodeIgniter\CodeIgniter->runController(Object(App\Controllers\Page))
#3 /Users/user/Nex/system/CodeIgniter.php(336): CodeIgniter\CodeIgniter->handleRequest(NULL, Object(Config\Cache), false)
#4 /Users/user/Nex/public/index.php(37): CodeIgniter\CodeIgniter->run()
#5 {main}
CRITICAL - 2021-08-09 06:53:00 --> Trying to access array offset on value of type null
#0 /Users/user/Nex/app/Controllers/Page.php(88): CodeIgniter\Debug\Exceptions->errorHandler(8, 'Trying to acces...', '/Users/user/Nex...', 88, Array)
#1 /Users/user/Nex/system/CodeIgniter.php(928): App\Controllers\Page->topics('build', 'assets', 'css', 'bootstrap.min.c...')
#2 /Users/user/Nex/system/CodeIgniter.php(436): CodeIgniter\CodeIgniter->runController(Object(App\Controllers\Page))
#3 /Users/user/Nex/system/CodeIgniter.php(336): CodeIgniter\CodeIgniter->handleRequest(NULL, Object(Config\Cache), false)
#4 /Users/user/Nex/public/index.php(37): CodeIgniter\CodeIgniter->run()
#5 {main}
CRITICAL - 2021-08-09 06:53:13 --> Trying to access array offset on value of type null
#0 /Users/user/Nex/app/Controllers/Page.php(88): CodeIgniter\Debug\Exceptions->errorHandler(8, 'Trying to acces...', '/Users/user/Nex...', 88, Array)
#1 /Users/user/Nex/system/CodeIgniter.php(928): App\Controllers\Page->topics('build', 'assets', 'css', 'bootstrap.min.c...')
#2 /Users/user/Nex/system/CodeIgniter.php(436): CodeIgniter\CodeIgniter->runController(Object(App\Controllers\Page))
#3 /Users/user/Nex/system/CodeIgniter.php(336): CodeIgniter\CodeIgniter->handleRequest(NULL, Object(Config\Cache), false)
#4 /Users/user/Nex/public/index.php(37): CodeIgniter\CodeIgniter->run()
#5 {main}
CRITICAL - 2021-08-09 06:53:16 --> Trying to access array offset on value of type null
#0 /Users/user/Nex/app/Controllers/Page.php(88): CodeIgniter\Debug\Exceptions->errorHandler(8, 'Trying to acces...', '/Users/user/Nex...', 88, Array)
#1 /Users/user/Nex/system/CodeIgniter.php(928): App\Controllers\Page->topics('build', 'assets', 'css', 'bootstrap.min.c...')
#2 /Users/user/Nex/system/CodeIgniter.php(436): CodeIgniter\CodeIgniter->runController(Object(App\Controllers\Page))
#3 /Users/user/Nex/system/CodeIgniter.php(336): CodeIgniter\CodeIgniter->handleRequest(NULL, Object(Config\Cache), false)
#4 /Users/user/Nex/public/index.php(37): CodeIgniter\CodeIgniter->run()
#5 {main}
CRITICAL - 2021-08-09 06:53:19 --> Undefined offset: 0
#0 /Users/user/Nex/app/Controllers/Api.php(91): CodeIgniter\Debug\Exceptions->errorHandler(8, 'Undefined offse...', '/Users/user/Nex...', 91, Array)
#1 /Users/user/Nex/system/CodeIgniter.php(928): App\Controllers\Api->blogDetail('388')
#2 /Users/user/Nex/system/CodeIgniter.php(436): CodeIgniter\CodeIgniter->runController(Object(App\Controllers\Api))
#3 /Users/user/Nex/system/CodeIgniter.php(336): CodeIgniter\CodeIgniter->handleRequest(NULL, Object(Config\Cache), false)
#4 /Users/user/Nex/public/index.php(37): CodeIgniter\CodeIgniter->run()
#5 {main}
CRITICAL - 2021-08-09 06:53:24 --> Undefined offset: 0
#0 /Users/user/Nex/app/Controllers/Api.php(91): CodeIgniter\Debug\Exceptions->errorHandler(8, 'Undefined offse...', '/Users/user/Nex...', 91, Array)
#1 /Users/user/Nex/system/CodeIgniter.php(928): App\Controllers\Api->blogDetail('389')
#2 /Users/user/Nex/system/CodeIgniter.php(436): CodeIgniter\CodeIgniter->runController(Object(App\Controllers\Api))
#3 /Users/user/Nex/system/CodeIgniter.php(336): CodeIgniter\CodeIgniter->handleRequest(NULL, Object(Config\Cache), false)
#4 /Users/user/Nex/public/index.php(37): CodeIgniter\CodeIgniter->run()
#5 {main}
CRITICAL - 2021-08-09 06:53:28 --> Undefined offset: 0
#0 /Users/user/Nex/app/Controllers/Api.php(91): CodeIgniter\Debug\Exceptions->errorHandler(8, 'Undefined offse...', '/Users/user/Nex...', 91, Array)
#1 /Users/user/Nex/system/CodeIgniter.php(928): App\Controllers\Api->blogDetail('390')
#2 /Users/user/Nex/system/CodeIgniter.php(436): CodeIgniter\CodeIgniter->runController(Object(App\Controllers\Api))
#3 /Users/user/Nex/system/CodeIgniter.php(336): CodeIgniter\CodeIgniter->handleRequest(NULL, Object(Config\Cache), false)
#4 /Users/user/Nex/public/index.php(37): CodeIgniter\CodeIgniter->run()
#5 {main}
CRITICAL - 2021-08-09 06:53:31 --> Undefined offset: 0
#0 /Users/user/Nex/app/Controllers/Api.php(91): CodeIgniter\Debug\Exceptions->errorHandler(8, 'Undefined offse...', '/Users/user/Nex...', 91, Array)
#1 /Users/user/Nex/system/CodeIgniter.php(928): App\Controllers\Api->blogDetail('391')
#2 /Users/user/Nex/system/CodeIgniter.php(436): CodeIgniter\CodeIgniter->runController(Object(App\Controllers\Api))
#3 /Users/user/Nex/system/CodeIgniter.php(336): CodeIgniter\CodeIgniter->handleRequest(NULL, Object(Config\Cache), false)
#4 /Users/user/Nex/public/index.php(37): CodeIgniter\CodeIgniter->run()
#5 {main}
CRITICAL - 2021-08-09 06:53:33 --> Undefined offset: 0
#0 /Users/user/Nex/app/Controllers/Api.php(91): CodeIgniter\Debug\Exceptions->errorHandler(8, 'Undefined offse...', '/Users/user/Nex...', 91, Array)
#1 /Users/user/Nex/system/CodeIgniter.php(928): App\Controllers\Api->blogDetail('392')
#2 /Users/user/Nex/system/CodeIgniter.php(436): CodeIgniter\CodeIgniter->runController(Object(App\Controllers\Api))
#3 /Users/user/Nex/system/CodeIgniter.php(336): CodeIgniter\CodeIgniter->handleRequest(NULL, Object(Config\Cache), false)
#4 /Users/user/Nex/public/index.php(37): CodeIgniter\CodeIgniter->run()
#5 {main}
CRITICAL - 2021-08-09 06:53:35 --> Undefined offset: 0
#0 /Users/user/Nex/app/Controllers/Api.php(91): CodeIgniter\Debug\Exceptions->errorHandler(8, 'Undefined offse...', '/Users/user/Nex...', 91, Array)
#1 /Users/user/Nex/system/CodeIgniter.php(928): App\Controllers\Api->blogDetail('393')
#2 /Users/user/Nex/system/CodeIgniter.php(436): CodeIgniter\CodeIgniter->runController(Object(App\Controllers\Api))
#3 /Users/user/Nex/system/CodeIgniter.php(336): CodeIgniter\CodeIgniter->handleRequest(NULL, Object(Config\Cache), false)
#4 /Users/user/Nex/public/index.php(37): CodeIgniter\CodeIgniter->run()
#5 {main}
CRITICAL - 2021-08-09 06:56:00 --> Trying to get property 'topic' of non-object
#0 /Users/user/Nex/app/Views/Frontend/Topic_webview.php(8): CodeIgniter\Debug\Exceptions->errorHandler(8, 'Trying to get p...', '/Users/user/Nex...', 8, Array)
#1 /Users/user/Nex/system/View/View.php(230): include('/Users/user/Nex...')
#2 /Users/user/Nex/system/View/View.php(232): CodeIgniter\View\View->CodeIgniter\View\{closure}()
#3 /Users/user/Nex/system/Common.php(1271): CodeIgniter\View\View->render('Frontend/Topic_...', Array, true)
#4 /Users/user/Nex/app/Controllers/Api.php(54): view('Frontend/Topic_...', Array)
#5 /Users/user/Nex/system/CodeIgniter.php(928): App\Controllers\Api->topicDetail('44')
#6 /Users/user/Nex/system/CodeIgniter.php(436): CodeIgniter\CodeIgniter->runController(Object(App\Controllers\Api))
#7 /Users/user/Nex/system/CodeIgniter.php(336): CodeIgniter\CodeIgniter->handleRequest(NULL, Object(Config\Cache), false)
#8 /Users/user/Nex/public/index.php(37): CodeIgniter\CodeIgniter->run()
#9 {main}
CRITICAL - 2021-08-09 06:56:14 --> Trying to get property 'topic' of non-object
#0 /Users/user/Nex/app/Views/Frontend/Topic_webview.php(8): CodeIgniter\Debug\Exceptions->errorHandler(8, 'Trying to get p...', '/Users/user/Nex...', 8, Array)
#1 /Users/user/Nex/system/View/View.php(230): include('/Users/user/Nex...')
#2 /Users/user/Nex/system/View/View.php(232): CodeIgniter\View\View->CodeIgniter\View\{closure}()
#3 /Users/user/Nex/system/Common.php(1271): CodeIgniter\View\View->render('Frontend/Topic_...', Array, true)
#4 /Users/user/Nex/app/Controllers/Api.php(54): view('Frontend/Topic_...', Array)
#5 /Users/user/Nex/system/CodeIgniter.php(928): App\Controllers\Api->topicDetail('1')
#6 /Users/user/Nex/system/CodeIgniter.php(436): CodeIgniter\CodeIgniter->runController(Object(App\Controllers\Api))
#7 /Users/user/Nex/system/CodeIgniter.php(336): CodeIgniter\CodeIgniter->handleRequest(NULL, Object(Config\Cache), false)
#8 /Users/user/Nex/public/index.php(37): CodeIgniter\CodeIgniter->run()
#9 {main}
CRITICAL - 2021-08-09 06:57:14 --> Trying to access array offset on value of type null
#0 /Users/user/Nex/app/Controllers/Page.php(88): CodeIgniter\Debug\Exceptions->errorHandler(8, 'Trying to acces...', '/Users/user/Nex...', 88, Array)
#1 /Users/user/Nex/system/CodeIgniter.php(928): App\Controllers\Page->topics('build', 'assets', 'css', 'bootstrap.min.c...')
#2 /Users/user/Nex/system/CodeIgniter.php(436): CodeIgniter\CodeIgniter->runController(Object(App\Controllers\Page))
#3 /Users/user/Nex/system/CodeIgniter.php(336): CodeIgniter\CodeIgniter->handleRequest(NULL, Object(Config\Cache), false)
#4 /Users/user/Nex/public/index.php(37): CodeIgniter\CodeIgniter->run()
#5 {main}
CRITICAL - 2021-08-09 06:57:18 --> Undefined offset: 0
#0 /Users/user/Nex/app/Controllers/Api.php(91): CodeIgniter\Debug\Exceptions->errorHandler(8, 'Undefined offse...', '/Users/user/Nex...', 91, Array)
#1 /Users/user/Nex/system/CodeIgniter.php(928): App\Controllers\Api->blogDetail('1')
#2 /Users/user/Nex/system/CodeIgniter.php(436): CodeIgniter\CodeIgniter->runController(Object(App\Controllers\Api))
#3 /Users/user/Nex/system/CodeIgniter.php(336): CodeIgniter\CodeIgniter->handleRequest(NULL, Object(Config\Cache), false)
#4 /Users/user/Nex/public/index.php(37): CodeIgniter\CodeIgniter->run()
#5 {main}
CRITICAL - 2021-08-09 06:57:47 --> Undefined offset: 0
#0 /Users/user/Nex/app/Controllers/Api.php(91): CodeIgniter\Debug\Exceptions->errorHandler(8, 'Undefined offse...', '/Users/user/Nex...', 91, Array)
#1 /Users/user/Nex/system/CodeIgniter.php(928): App\Controllers\Api->blogDetail('1')
#2 /Users/user/Nex/system/CodeIgniter.php(436): CodeIgniter\CodeIgniter->runController(Object(App\Controllers\Api))
#3 /Users/user/Nex/system/CodeIgniter.php(336): CodeIgniter\CodeIgniter->handleRequest(NULL, Object(Config\Cache), false)
#4 /Users/user/Nex/public/index.php(37): CodeIgniter\CodeIgniter->run()
#5 {main}
CRITICAL - 2021-08-09 06:57:53 --> Trying to access array offset on value of type null
#0 /Users/user/Nex/app/Controllers/Page.php(88): CodeIgniter\Debug\Exceptions->errorHandler(8, 'Trying to acces...', '/Users/user/Nex...', 88, Array)
#1 /Users/user/Nex/system/CodeIgniter.php(928): App\Controllers\Page->topics('build', 'assets', 'css', 'bootstrap.min.c...')
#2 /Users/user/Nex/system/CodeIgniter.php(436): CodeIgniter\CodeIgniter->runController(Object(App\Controllers\Page))
#3 /Users/user/Nex/system/CodeIgniter.php(336): CodeIgniter\CodeIgniter->handleRequest(NULL, Object(Config\Cache), false)
#4 /Users/user/Nex/public/index.php(37): CodeIgniter\CodeIgniter->run()
#5 {main}
CRITICAL - 2021-08-09 07:06:51 --> Trying to access array offset on value of type null
#0 /Users/user/Nex/app/Controllers/Page.php(88): CodeIgniter\Debug\Exceptions->errorHandler(8, 'Trying to acces...', '/Users/user/Nex...', 88, Array)
#1 /Users/user/Nex/system/CodeIgniter.php(928): App\Controllers\Page->topics('build', 'assets', 'css', 'bootstrap.min.c...')
#2 /Users/user/Nex/system/CodeIgniter.php(436): CodeIgniter\CodeIgniter->runController(Object(App\Controllers\Page))
#3 /Users/user/Nex/system/CodeIgniter.php(336): CodeIgniter\CodeIgniter->handleRequest(NULL, Object(Config\Cache), false)
#4 /Users/user/Nex/public/index.php(37): CodeIgniter\CodeIgniter->run()
#5 {main}
CRITICAL - 2021-08-09 07:14:37 --> Trying to access array offset on value of type null
#0 /Users/user/Nex/app/Controllers/Page.php(88): CodeIgniter\Debug\Exceptions->errorHandler(8, 'Trying to acces...', '/Users/user/Nex...', 88, Array)
#1 /Users/user/Nex/system/CodeIgniter.php(928): App\Controllers\Page->topics('build', 'assets', 'css', 'bootstrap.min.c...')
#2 /Users/user/Nex/system/CodeIgniter.php(436): CodeIgniter\CodeIgniter->runController(Object(App\Controllers\Page))
#3 /Users/user/Nex/system/CodeIgniter.php(336): CodeIgniter\CodeIgniter->handleRequest(NULL, Object(Config\Cache), false)
#4 /Users/user/Nex/public/index.php(37): CodeIgniter\CodeIgniter->run()
#5 {main}
CRITICAL - 2021-08-09 07:15:27 --> Undefined variable: topic
#0 /Users/user/Nex/app/Views/Frontend/Layouts/Blog.php(60): CodeIgniter\Debug\Exceptions->errorHandler(8, 'Undefined varia...', '/Users/user/Nex...', 60, Array)
#1 /Users/user/Nex/system/View/View.php(230): include('/Users/user/Nex...')
#2 /Users/user/Nex/system/View/View.php(232): CodeIgniter\View\View->CodeIgniter\View\{closure}()
#3 /Users/user/Nex/system/View/View.php(246): CodeIgniter\View\View->render('Frontend/Layout...', Array, true)
#4 /Users/user/Nex/system/Common.php(1271): CodeIgniter\View\View->render('Frontend/Blog_w...', Array, true)
#5 /Users/user/Nex/app/Controllers/Api.php(97): view('Frontend/Blog_w...', Array)
#6 /Users/user/Nex/system/CodeIgniter.php(928): App\Controllers\Api->blogDetail('84')
#7 /Users/user/Nex/system/CodeIgniter.php(436): CodeIgniter\CodeIgniter->runController(Object(App\Controllers\Api))
#8 /Users/user/Nex/system/CodeIgniter.php(336): CodeIgniter\CodeIgniter->handleRequest(NULL, Object(Config\Cache), false)
#9 /Users/user/Nex/public/index.php(37): CodeIgniter\CodeIgniter->run()
#10 {main}
CRITICAL - 2021-08-09 07:15:38 --> Undefined variable: topic
#0 /Users/user/Nex/app/Views/Frontend/Layouts/Blog.php(60): CodeIgniter\Debug\Exceptions->errorHandler(8, 'Undefined varia...', '/Users/user/Nex...', 60, Array)
#1 /Users/user/Nex/system/View/View.php(230): include('/Users/user/Nex...')
#2 /Users/user/Nex/system/View/View.php(232): CodeIgniter\View\View->CodeIgniter\View\{closure}()
#3 /Users/user/Nex/system/View/View.php(246): CodeIgniter\View\View->render('Frontend/Layout...', Array, true)
#4 /Users/user/Nex/system/Common.php(1271): CodeIgniter\View\View->render('Frontend/Blog_w...', Array, true)
#5 /Users/user/Nex/app/Controllers/Api.php(97): view('Frontend/Blog_w...', Array)
#6 /Users/user/Nex/system/CodeIgniter.php(928): App\Controllers\Api->blogDetail('84')
#7 /Users/user/Nex/system/CodeIgniter.php(436): CodeIgniter\CodeIgniter->runController(Object(App\Controllers\Api))
#8 /Users/user/Nex/system/CodeIgniter.php(336): CodeIgniter\CodeIgniter->handleRequest(NULL, Object(Config\Cache), false)
#9 /Users/user/Nex/public/index.php(37): CodeIgniter\CodeIgniter->run()
#10 {main}
CRITICAL - 2021-08-09 07:16:03 --> Undefined variable: topic
#0 /Users/user/Nex/app/Views/Frontend/Blog_webview.php(8): CodeIgniter\Debug\Exceptions->errorHandler(8, 'Undefined varia...', '/Users/user/Nex...', 8, Array)
#1 /Users/user/Nex/system/View/View.php(230): include('/Users/user/Nex...')
#2 /Users/user/Nex/system/View/View.php(232): CodeIgniter\View\View->CodeIgniter\View\{closure}()
#3 /Users/user/Nex/system/Common.php(1271): CodeIgniter\View\View->render('Frontend/Blog_w...', Array, true)
#4 /Users/user/Nex/app/Controllers/Api.php(97): view('Frontend/Blog_w...', Array)
#5 /Users/user/Nex/system/CodeIgniter.php(928): App\Controllers\Api->blogDetail('84')
#6 /Users/user/Nex/system/CodeIgniter.php(436): CodeIgniter\CodeIgniter->runController(Object(App\Controllers\Api))
#7 /Users/user/Nex/system/CodeIgniter.php(336): CodeIgniter\CodeIgniter->handleRequest(NULL, Object(Config\Cache), false)
#8 /Users/user/Nex/public/index.php(37): CodeIgniter\CodeIgniter->run()
#9 {main}
CRITICAL - 2021-08-09 07:17:01 --> Undefined variable: topic
#0 /Users/user/Nex/app/Views/Frontend/Layouts/Blog.php(60): CodeIgniter\Debug\Exceptions->errorHandler(8, 'Undefined varia...', '/Users/user/Nex...', 60, Array)
#1 /Users/user/Nex/system/View/View.php(230): include('/Users/user/Nex...')
#2 /Users/user/Nex/system/View/View.php(232): CodeIgniter\View\View->CodeIgniter\View\{closure}()
#3 /Users/user/Nex/system/View/View.php(246): CodeIgniter\View\View->render('Frontend/Layout...', Array, true)
#4 /Users/user/Nex/system/Common.php(1271): CodeIgniter\View\View->render('Frontend/Blog_w...', Array, true)
#5 /Users/user/Nex/app/Controllers/Api.php(94): view('Frontend/Blog_w...', Array)
#6 /Users/user/Nex/system/CodeIgniter.php(928): App\Controllers\Api->blogDetail('84')
#7 /Users/user/Nex/system/CodeIgniter.php(436): CodeIgniter\CodeIgniter->runController(Object(App\Controllers\Api))
#8 /Users/user/Nex/system/CodeIgniter.php(336): CodeIgniter\CodeIgniter->handleRequest(NULL, Object(Config\Cache), false)
#9 /Users/user/Nex/public/index.php(37): CodeIgniter\CodeIgniter->run()
#10 {main}
CRITICAL - 2021-08-09 07:19:06 --> Undefined variable: topic
#0 /Users/user/Nex/app/Views/Frontend/Blog_webview.php(11): CodeIgniter\Debug\Exceptions->errorHandler(8, 'Undefined varia...', '/Users/user/Nex...', 11, Array)
#1 /Users/user/Nex/system/View/View.php(230): include('/Users/user/Nex...')
#2 /Users/user/Nex/system/View/View.php(232): CodeIgniter\View\View->CodeIgniter\View\{closure}()
#3 /Users/user/Nex/system/Common.php(1271): CodeIgniter\View\View->render('Frontend/Blog_w...', Array, true)
#4 /Users/user/Nex/app/Controllers/Api.php(94): view('Frontend/Blog_w...', Array)
#5 /Users/user/Nex/system/CodeIgniter.php(928): App\Controllers\Api->blogDetail('84')
#6 /Users/user/Nex/system/CodeIgniter.php(436): CodeIgniter\CodeIgniter->runController(Object(App\Controllers\Api))
#7 /Users/user/Nex/system/CodeIgniter.php(336): CodeIgniter\CodeIgniter->handleRequest(NULL, Object(Config\Cache), false)
#8 /Users/user/Nex/public/index.php(37): CodeIgniter\CodeIgniter->run()
#9 {main}
