CRITICAL - 2021-08-12 02:58:12 --> Undefined index: title
#0 /Users/user/Nex/app/Controllers/Api.php(43): CodeIgniter\Debug\Exceptions->errorHandler(8, 'Undefined index...', '/Users/user/Nex...', 43, Array)
#1 /Users/user/Nex/system/CodeIgniter.php(928): App\Controllers\Api->subjects()
#2 /Users/user/Nex/system/CodeIgniter.php(436): CodeIgniter\CodeIgniter->runController(Object(App\Controllers\Api))
#3 /Users/user/Nex/system/CodeIgniter.php(336): CodeIgniter\CodeIgniter->handleRequest(NULL, Object(Config\Cache), false)
#4 /Users/user/Nex/public/index.php(37): CodeIgniter\CodeIgniter->run()
#5 {main}
CRITICAL - 2021-08-12 03:01:53 --> Undefined index: image
#0 /Users/user/Nex/app/Controllers/Api.php(59): CodeIgniter\Debug\Exceptions->errorHandler(8, 'Undefined index...', '/Users/user/Nex...', 59, Array)
#1 /Users/user/Nex/system/CodeIgniter.php(928): App\Controllers\Api->subjects()
#2 /Users/user/Nex/system/CodeIgniter.php(436): CodeIgniter\CodeIgniter->runController(Object(App\Controllers\Api))
#3 /Users/user/Nex/system/CodeIgniter.php(336): CodeIgniter\CodeIgniter->handleRequest(NULL, Object(Config\Cache), false)
#4 /Users/user/Nex/public/index.php(37): CodeIgniter\CodeIgniter->run()
#5 {main}
CRITICAL - 2021-08-12 03:27:55 --> Undefined index: image
#0 /Users/user/Nex/app/Controllers/Api.php(80): CodeIgniter\Debug\Exceptions->errorHandler(8, 'Undefined index...', '/Users/user/Nex...', 80, Array)
#1 /Users/user/Nex/system/CodeIgniter.php(928): App\Controllers\Api->subjects()
#2 /Users/user/Nex/system/CodeIgniter.php(436): CodeIgniter\CodeIgniter->runController(Object(App\Controllers\Api))
#3 /Users/user/Nex/system/CodeIgniter.php(336): CodeIgniter\CodeIgniter->handleRequest(NULL, Object(Config\Cache), false)
#4 /Users/user/Nex/public/index.php(37): CodeIgniter\CodeIgniter->run()
#5 {main}
CRITICAL - 2021-08-12 06:16:05 --> Trying to access array offset on value of type null
#0 /Users/user/Nex/app/Controllers/Page.php(73): CodeIgniter\Debug\Exceptions->errorHandler(8, 'Trying to acces...', '/Users/user/Nex...', 73, Array)
#1 /Users/user/Nex/system/CodeIgniter.php(928): App\Controllers\Page->subject('trends.json')
#2 /Users/user/Nex/system/CodeIgniter.php(436): CodeIgniter\CodeIgniter->runController(Object(App\Controllers\Page))
#3 /Users/user/Nex/system/CodeIgniter.php(336): CodeIgniter\CodeIgniter->handleRequest(NULL, Object(Config\Cache), false)
#4 /Users/user/Nex/public/index.php(37): CodeIgniter\CodeIgniter->run()
#5 {main}
CRITICAL - 2021-08-12 06:18:59 --> Trying to access array offset on value of type null
#0 /Users/user/Nex/app/Controllers/Page.php(73): CodeIgniter\Debug\Exceptions->errorHandler(8, 'Trying to acces...', '/Users/user/Nex...', 73, Array)
#1 /Users/user/Nex/system/CodeIgniter.php(928): App\Controllers\Page->subject('trends.json')
#2 /Users/user/Nex/system/CodeIgniter.php(436): CodeIgniter\CodeIgniter->runController(Object(App\Controllers\Page))
#3 /Users/user/Nex/system/CodeIgniter.php(336): CodeIgniter\CodeIgniter->handleRequest(NULL, Object(Config\Cache), false)
#4 /Users/user/Nex/public/index.php(37): CodeIgniter\CodeIgniter->run()
#5 {main}
CRITICAL - 2021-08-12 06:19:23 --> Trying to access array offset on value of type null
#0 /Users/user/Nex/app/Controllers/Page.php(73): CodeIgniter\Debug\Exceptions->errorHandler(8, 'Trying to acces...', '/Users/user/Nex...', 73, Array)
#1 /Users/user/Nex/system/CodeIgniter.php(928): App\Controllers\Page->subject('trends.json')
#2 /Users/user/Nex/system/CodeIgniter.php(436): CodeIgniter\CodeIgniter->runController(Object(App\Controllers\Page))
#3 /Users/user/Nex/system/CodeIgniter.php(336): CodeIgniter\CodeIgniter->handleRequest(NULL, Object(Config\Cache), false)
#4 /Users/user/Nex/public/index.php(37): CodeIgniter\CodeIgniter->run()
#5 {main}
CRITICAL - 2021-08-12 06:20:11 --> Undefined variable: db
#0 /Users/user/Nex/app/Controllers/Api.php(36): CodeIgniter\Debug\Exceptions->errorHandler(8, 'Undefined varia...', '/Users/user/Nex...', 36, Array)
#1 /Users/user/Nex/system/CodeIgniter.php(928): App\Controllers\Api->trends()
#2 /Users/user/Nex/system/CodeIgniter.php(436): CodeIgniter\CodeIgniter->runController(Object(App\Controllers\Api))
#3 /Users/user/Nex/system/CodeIgniter.php(336): CodeIgniter\CodeIgniter->handleRequest(NULL, Object(Config\Cache), false)
#4 /Users/user/Nex/public/index.php(37): CodeIgniter\CodeIgniter->run()
#5 {main}
CRITICAL - 2021-08-12 06:42:21 --> mb_convert_encoding() expects at least 2 parameters, 1 given
#0 [internal function]: CodeIgniter\Debug\Exceptions->errorHandler(2, 'mb_convert_enco...', '/Users/user/Nex...', 56, Array)
#1 /Users/user/Nex/app/Controllers/Api.php(56): mb_convert_encoding('Review | &#39;S...')
#2 /Users/user/Nex/system/CodeIgniter.php(928): App\Controllers\Api->relatedTrends('2')
#3 /Users/user/Nex/system/CodeIgniter.php(436): CodeIgniter\CodeIgniter->runController(Object(App\Controllers\Api))
#4 /Users/user/Nex/system/CodeIgniter.php(336): CodeIgniter\CodeIgniter->handleRequest(NULL, Object(Config\Cache), false)
#5 /Users/user/Nex/public/index.php(37): CodeIgniter\CodeIgniter->run()
#6 {main}
CRITICAL - 2021-08-12 06:43:00 --> Call to undefined function App\Controllers\mb_convert_decoding()
#0 /Users/user/Nex/system/CodeIgniter.php(928): App\Controllers\Api->relatedTrends('2')
#1 /Users/user/Nex/system/CodeIgniter.php(436): CodeIgniter\CodeIgniter->runController(Object(App\Controllers\Api))
#2 /Users/user/Nex/system/CodeIgniter.php(336): CodeIgniter\CodeIgniter->handleRequest(NULL, Object(Config\Cache), false)
#3 /Users/user/Nex/public/index.php(37): CodeIgniter\CodeIgniter->run()
#4 {main}
