CRITICAL - 2021-08-06 10:23:29 --> Could not check compatibility between App\Controllers\Home::initController(App\Controllers\RequestInterface $request, App\Controllers\ResponseInterface $response, App\Controllers\LoggerInterface $logger) and App\Controllers\BaseController::initController(CodeIgniter\HTTP\RequestInterface $request, CodeIgniter\HTTP\ResponseInterface $response, Psr\Log\LoggerInterface $logger), because class App\Controllers\LoggerInterface is not available
#0 /Users/user/Nex/app/Controllers/Home.php(5): CodeIgniter\Debug\Exceptions->errorHandler(2, 'Could not check...', '/Users/user/Nex...', 7, Array)
#1 /Users/user/Nex/system/Autoloader/Autoloader.php(300): include_once('/Users/user/Nex...')
#2 /Users/user/Nex/system/Autoloader/Autoloader.php(273): CodeIgniter\Autoloader\Autoloader->includeFile('/Users/user/Nex...')
#3 /Users/user/Nex/system/Autoloader/Autoloader.php(247): CodeIgniter\Autoloader\Autoloader->loadInNamespace('App\\Controllers...')
#4 [internal function]: CodeIgniter\Autoloader\Autoloader->loadClass('App\\Controllers...')
#5 [internal function]: spl_autoload_call('App\\Controllers...')
#6 /Users/user/Nex/system/CodeIgniter.php(885): class_exists('\\App\\Controller...', true)
#7 /Users/user/Nex/system/CodeIgniter.php(421): CodeIgniter\CodeIgniter->startController()
#8 /Users/user/Nex/system/CodeIgniter.php(336): CodeIgniter\CodeIgniter->handleRequest(NULL, Object(Config\Cache), false)
#9 /Users/user/Nex/public/index.php(37): CodeIgniter\CodeIgniter->run()
#10 {main}
CRITICAL - 2021-08-06 10:27:19 --> syntax error, unexpected 'protected' (T_PROTECTED)
#0 /Users/user/Nex/system/Autoloader/Autoloader.php(273): CodeIgniter\Autoloader\Autoloader->includeFile('/Users/user/Nex...')
#1 /Users/user/Nex/system/Autoloader/Autoloader.php(247): CodeIgniter\Autoloader\Autoloader->loadInNamespace('App\\Controllers...')
#2 [internal function]: CodeIgniter\Autoloader\Autoloader->loadClass('App\\Controllers...')
#3 [internal function]: spl_autoload_call('App\\Controllers...')
#4 /Users/user/Nex/system/CodeIgniter.php(885): class_exists('\\App\\Controller...', true)
#5 /Users/user/Nex/system/CodeIgniter.php(421): CodeIgniter\CodeIgniter->startController()
#6 /Users/user/Nex/system/CodeIgniter.php(336): CodeIgniter\CodeIgniter->handleRequest(NULL, Object(Config\Cache), false)
#7 /Users/user/Nex/public/index.php(37): CodeIgniter\CodeIgniter->run()
#8 {main}
CRITICAL - 2021-08-06 10:28:02 --> syntax error, unexpected 'protected' (T_PROTECTED)
#0 /Users/user/Nex/system/Autoloader/Autoloader.php(273): CodeIgniter\Autoloader\Autoloader->includeFile('/Users/user/Nex...')
#1 /Users/user/Nex/system/Autoloader/Autoloader.php(247): CodeIgniter\Autoloader\Autoloader->loadInNamespace('App\\Controllers...')
#2 [internal function]: CodeIgniter\Autoloader\Autoloader->loadClass('App\\Controllers...')
#3 [internal function]: spl_autoload_call('App\\Controllers...')
#4 /Users/user/Nex/system/CodeIgniter.php(885): class_exists('\\App\\Controller...', true)
#5 /Users/user/Nex/system/CodeIgniter.php(421): CodeIgniter\CodeIgniter->startController()
#6 /Users/user/Nex/system/CodeIgniter.php(336): CodeIgniter\CodeIgniter->handleRequest(NULL, Object(Config\Cache), false)
#7 /Users/user/Nex/public/index.php(37): CodeIgniter\CodeIgniter->run()
#8 {main}
CRITICAL - 2021-08-06 10:29:58 --> syntax error, unexpected 'protected' (T_PROTECTED)
#0 /Users/user/Nex/system/Autoloader/Autoloader.php(273): CodeIgniter\Autoloader\Autoloader->includeFile('/Users/user/Nex...')
#1 /Users/user/Nex/system/Autoloader/Autoloader.php(247): CodeIgniter\Autoloader\Autoloader->loadInNamespace('App\\Controllers...')
#2 [internal function]: CodeIgniter\Autoloader\Autoloader->loadClass('App\\Controllers...')
#3 [internal function]: spl_autoload_call('App\\Controllers...')
#4 /Users/user/Nex/system/CodeIgniter.php(885): class_exists('\\App\\Controller...', true)
#5 /Users/user/Nex/system/CodeIgniter.php(421): CodeIgniter\CodeIgniter->startController()
#6 /Users/user/Nex/system/CodeIgniter.php(336): CodeIgniter\CodeIgniter->handleRequest(NULL, Object(Config\Cache), false)
#7 /Users/user/Nex/public/index.php(37): CodeIgniter\CodeIgniter->run()
#8 {main}
CRITICAL - 2021-08-06 10:30:03 --> syntax error, unexpected 'protected' (T_PROTECTED)
#0 /Users/user/Nex/system/Autoloader/Autoloader.php(273): CodeIgniter\Autoloader\Autoloader->includeFile('/Users/user/Nex...')
#1 /Users/user/Nex/system/Autoloader/Autoloader.php(247): CodeIgniter\Autoloader\Autoloader->loadInNamespace('App\\Controllers...')
#2 [internal function]: CodeIgniter\Autoloader\Autoloader->loadClass('App\\Controllers...')
#3 [internal function]: spl_autoload_call('App\\Controllers...')
#4 /Users/user/Nex/system/CodeIgniter.php(885): class_exists('\\App\\Controller...', true)
#5 /Users/user/Nex/system/CodeIgniter.php(421): CodeIgniter\CodeIgniter->startController()
#6 /Users/user/Nex/system/CodeIgniter.php(336): CodeIgniter\CodeIgniter->handleRequest(NULL, Object(Config\Cache), false)
#7 /Users/user/Nex/public/index.php(37): CodeIgniter\CodeIgniter->run()
#8 {main}
CRITICAL - 2021-08-06 10:30:06 --> syntax error, unexpected 'protected' (T_PROTECTED)
#0 /Users/user/Nex/system/Autoloader/Autoloader.php(273): CodeIgniter\Autoloader\Autoloader->includeFile('/Users/user/Nex...')
#1 /Users/user/Nex/system/Autoloader/Autoloader.php(247): CodeIgniter\Autoloader\Autoloader->loadInNamespace('App\\Controllers...')
#2 [internal function]: CodeIgniter\Autoloader\Autoloader->loadClass('App\\Controllers...')
#3 [internal function]: spl_autoload_call('App\\Controllers...')
#4 /Users/user/Nex/system/CodeIgniter.php(885): class_exists('\\App\\Controller...', true)
#5 /Users/user/Nex/system/CodeIgniter.php(421): CodeIgniter\CodeIgniter->startController()
#6 /Users/user/Nex/system/CodeIgniter.php(336): CodeIgniter\CodeIgniter->handleRequest(NULL, Object(Config\Cache), false)
#7 /Users/user/Nex/public/index.php(37): CodeIgniter\CodeIgniter->run()
#8 {main}
CRITICAL - 2021-08-06 10:45:44 --> Use of undefined constant BASEPATH - assumed 'BASEPATH' (this will throw an Error in a future version of PHP)
#0 /Users/user/Nex/public/index.php(31): CodeIgniter\Debug\Exceptions->errorHandler(2, 'Use of undefine...', '/Users/user/Nex...', 31, Array)
#1 {main}
CRITICAL - 2021-08-06 10:45:45 --> Use of undefined constant BASEPATH - assumed 'BASEPATH' (this will throw an Error in a future version of PHP)
#0 /Users/user/Nex/public/index.php(31): CodeIgniter\Debug\Exceptions->errorHandler(2, 'Use of undefine...', '/Users/user/Nex...', 31, Array)
#1 {main}
CRITICAL - 2021-08-06 10:45:45 --> Use of undefined constant BASEPATH - assumed 'BASEPATH' (this will throw an Error in a future version of PHP)
#0 /Users/user/Nex/public/index.php(31): CodeIgniter\Debug\Exceptions->errorHandler(2, 'Use of undefine...', '/Users/user/Nex...', 31, Array)
#1 {main}
CRITICAL - 2021-08-06 10:45:45 --> Use of undefined constant BASEPATH - assumed 'BASEPATH' (this will throw an Error in a future version of PHP)
#0 /Users/user/Nex/public/index.php(31): CodeIgniter\Debug\Exceptions->errorHandler(2, 'Use of undefine...', '/Users/user/Nex...', 31, Array)
#1 {main}
CRITICAL - 2021-08-06 10:48:10 --> Invalid file: Home.php
#0 /Users/user/Nex/system/View/View.php(213): CodeIgniter\Exceptions\FrameworkException::forInvalidFile('Home.php')
#1 /Users/user/Nex/system/Common.php(1271): CodeIgniter\View\View->render('Home', Array, true)
#2 /Users/user/Nex/app/Controllers/Home.php(11): view('Home')
#3 /Users/user/Nex/system/CodeIgniter.php(928): App\Controllers\Home->index()
#4 /Users/user/Nex/system/CodeIgniter.php(436): CodeIgniter\CodeIgniter->runController(Object(App\Controllers\Home))
#5 /Users/user/Nex/system/CodeIgniter.php(336): CodeIgniter\CodeIgniter->handleRequest(NULL, Object(Config\Cache), false)
#6 /Users/user/Nex/public/index.php(37): CodeIgniter\CodeIgniter->run()
#7 {main}
CRITICAL - 2021-08-06 10:48:21 --> Invalid file: Home.php
#0 /Users/user/Nex/system/View/View.php(213): CodeIgniter\Exceptions\FrameworkException::forInvalidFile('Home.php')
#1 /Users/user/Nex/system/Common.php(1271): CodeIgniter\View\View->render('Home', Array, true)
#2 /Users/user/Nex/app/Controllers/Home.php(11): view('Home')
#3 /Users/user/Nex/system/CodeIgniter.php(928): App\Controllers\Home->index()
#4 /Users/user/Nex/system/CodeIgniter.php(436): CodeIgniter\CodeIgniter->runController(Object(App\Controllers\Home))
#5 /Users/user/Nex/system/CodeIgniter.php(336): CodeIgniter\CodeIgniter->handleRequest(NULL, Object(Config\Cache), false)
#6 /Users/user/Nex/public/index.php(37): CodeIgniter\CodeIgniter->run()
#7 {main}
CRITICAL - 2021-08-06 10:49:53 --> Invalid file: Home.php
#0 /Users/user/Nex/system/View/View.php(213): CodeIgniter\Exceptions\FrameworkException::forInvalidFile('Home.php')
#1 /Users/user/Nex/system/Common.php(1271): CodeIgniter\View\View->render('Home', Array, true)
#2 /Users/user/Nex/app/Controllers/Home.php(11): view('Home')
#3 /Users/user/Nex/system/CodeIgniter.php(928): App\Controllers\Home->index()
#4 /Users/user/Nex/system/CodeIgniter.php(436): CodeIgniter\CodeIgniter->runController(Object(App\Controllers\Home))
#5 /Users/user/Nex/system/CodeIgniter.php(336): CodeIgniter\CodeIgniter->handleRequest(NULL, Object(Config\Cache), false)
#6 /Users/user/Nex/public/index.php(37): CodeIgniter\CodeIgniter->run()
#7 {main}
CRITICAL - 2021-08-06 11:58:10 --> syntax error, unexpected 'return' (T_RETURN)
#0 /Users/user/Nex/system/Controller.php(92): helper(Array)
#1 /Users/user/Nex/app/Controllers/BaseController.php(51): CodeIgniter\Controller->initController(Object(CodeIgniter\HTTP\IncomingRequest), Object(CodeIgniter\HTTP\Response), Object(CodeIgniter\Log\Logger))
#2 /Users/user/Nex/system/CodeIgniter.php(901): App\Controllers\BaseController->initController(Object(CodeIgniter\HTTP\IncomingRequest), Object(CodeIgniter\HTTP\Response), Object(CodeIgniter\Log\Logger))
#3 /Users/user/Nex/system/CodeIgniter.php(426): CodeIgniter\CodeIgniter->createController()
#4 /Users/user/Nex/system/CodeIgniter.php(336): CodeIgniter\CodeIgniter->handleRequest(NULL, Object(Config\Cache), false)
#5 /Users/user/Nex/public/index.php(37): CodeIgniter\CodeIgniter->run()
#6 {main}
CRITICAL - 2021-08-06 12:00:31 --> Call to undefined method CodeIgniter\Database\MySQLi\Builder::getRowArray()
#0 /Users/user/Nex/app/Views/Frontend/Partials/header.php(50): getNavLanguages()
#1 /Users/user/Nex/system/View/View.php(230): include('/Users/user/Nex...')
#2 /Users/user/Nex/system/View/View.php(232): CodeIgniter\View\View->CodeIgniter\View\{closure}()
#3 /Users/user/Nex/system/View/View.php(487): CodeIgniter\View\View->render('Frontend/Partia...', NULL, true)
#4 /Users/user/Nex/app/Views/Frontend/Layouts/Master.php(56): CodeIgniter\View\View->include('Frontend/Partia...')
#5 /Users/user/Nex/system/View/View.php(230): include('/Users/user/Nex...')
#6 /Users/user/Nex/system/View/View.php(232): CodeIgniter\View\View->CodeIgniter\View\{closure}()
#7 /Users/user/Nex/system/View/View.php(246): CodeIgniter\View\View->render('Frontend/Layout...', Array, true)
#8 /Users/user/Nex/system/Common.php(1271): CodeIgniter\View\View->render('Frontend/Home', Array, true)
#9 /Users/user/Nex/app/Controllers/Home.php(11): view('Frontend/Home')
#10 /Users/user/Nex/system/CodeIgniter.php(928): App\Controllers\Home->index()
#11 /Users/user/Nex/system/CodeIgniter.php(436): CodeIgniter\CodeIgniter->runController(Object(App\Controllers\Home))
#12 /Users/user/Nex/system/CodeIgniter.php(336): CodeIgniter\CodeIgniter->handleRequest(NULL, Object(Config\Cache), false)
#13 /Users/user/Nex/public/index.php(37): CodeIgniter\CodeIgniter->run()
#14 {main}
CRITICAL - 2021-08-06 12:00:50 --> Call to undefined method CodeIgniter\Database\MySQLi\Builder::getRowArray()
#0 /Users/user/Nex/app/Views/Frontend/Partials/header.php(50): getNavLanguages()
#1 /Users/user/Nex/system/View/View.php(230): include('/Users/user/Nex...')
#2 /Users/user/Nex/system/View/View.php(232): CodeIgniter\View\View->CodeIgniter\View\{closure}()
#3 /Users/user/Nex/system/View/View.php(487): CodeIgniter\View\View->render('Frontend/Partia...', NULL, true)
#4 /Users/user/Nex/app/Views/Frontend/Layouts/Master.php(56): CodeIgniter\View\View->include('Frontend/Partia...')
#5 /Users/user/Nex/system/View/View.php(230): include('/Users/user/Nex...')
#6 /Users/user/Nex/system/View/View.php(232): CodeIgniter\View\View->CodeIgniter\View\{closure}()
#7 /Users/user/Nex/system/View/View.php(246): CodeIgniter\View\View->render('Frontend/Layout...', Array, true)
#8 /Users/user/Nex/system/Common.php(1271): CodeIgniter\View\View->render('Frontend/Home', Array, true)
#9 /Users/user/Nex/app/Controllers/Home.php(11): view('Frontend/Home')
#10 /Users/user/Nex/system/CodeIgniter.php(928): App\Controllers\Home->index()
#11 /Users/user/Nex/system/CodeIgniter.php(436): CodeIgniter\CodeIgniter->runController(Object(App\Controllers\Home))
#12 /Users/user/Nex/system/CodeIgniter.php(336): CodeIgniter\CodeIgniter->handleRequest(NULL, Object(Config\Cache), false)
#13 /Users/user/Nex/public/index.php(37): CodeIgniter\CodeIgniter->run()
#14 {main}
ERROR - 2021-08-06 12:01:44 --> Error connecting to the database: Unknown database 'ci4'
CRITICAL - 2021-08-06 12:01:44 --> Unable to connect to the database.
Main connection [MySQLi]: Unknown database 'ci4'
#0 /Users/user/Nex/system/Database/BaseConnection.php(625): CodeIgniter\Database\BaseConnection->initialize()
#1 /Users/user/Nex/system/Database/BaseBuilder.php(1881): CodeIgniter\Database\BaseConnection->query('SELECT *\nFROM `...', Array, false)
#2 /Users/user/Nex/app/Helpers/site_helper.php(48): CodeIgniter\Database\BaseBuilder->get()
#3 /Users/user/Nex/app/Views/Frontend/Partials/header.php(50): getNavLanguages()
#4 /Users/user/Nex/system/View/View.php(230): include('/Users/user/Nex...')
#5 /Users/user/Nex/system/View/View.php(232): CodeIgniter\View\View->CodeIgniter\View\{closure}()
#6 /Users/user/Nex/system/View/View.php(487): CodeIgniter\View\View->render('Frontend/Partia...', NULL, true)
#7 /Users/user/Nex/app/Views/Frontend/Layouts/Master.php(56): CodeIgniter\View\View->include('Frontend/Partia...')
#8 /Users/user/Nex/system/View/View.php(230): include('/Users/user/Nex...')
#9 /Users/user/Nex/system/View/View.php(232): CodeIgniter\View\View->CodeIgniter\View\{closure}()
#10 /Users/user/Nex/system/View/View.php(246): CodeIgniter\View\View->render('Frontend/Layout...', Array, true)
#11 /Users/user/Nex/system/Common.php(1271): CodeIgniter\View\View->render('Frontend/Home', Array, true)
#12 /Users/user/Nex/app/Controllers/Home.php(11): view('Frontend/Home')
#13 /Users/user/Nex/system/CodeIgniter.php(928): App\Controllers\Home->index()
#14 /Users/user/Nex/system/CodeIgniter.php(436): CodeIgniter\CodeIgniter->runController(Object(App\Controllers\Home))
#15 /Users/user/Nex/system/CodeIgniter.php(336): CodeIgniter\CodeIgniter->handleRequest(NULL, Object(Config\Cache), false)
#16 /Users/user/Nex/public/index.php(37): CodeIgniter\CodeIgniter->run()
#17 {main}
CRITICAL - 2021-08-06 12:06:16 --> syntax error, unexpected end of file, expecting elseif (T_ELSEIF) or else (T_ELSE) or endif (T_ENDIF)
#0 /Users/user/Nex/system/View/View.php(232): CodeIgniter\View\View->CodeIgniter\View\{closure}()
#1 /Users/user/Nex/system/View/View.php(487): CodeIgniter\View\View->render('Frontend/Partia...', NULL, true)
#2 /Users/user/Nex/app/Views/Frontend/Layouts/Master.php(56): CodeIgniter\View\View->include('Frontend/Partia...')
#3 /Users/user/Nex/system/View/View.php(230): include('/Users/user/Nex...')
#4 /Users/user/Nex/system/View/View.php(232): CodeIgniter\View\View->CodeIgniter\View\{closure}()
#5 /Users/user/Nex/system/View/View.php(246): CodeIgniter\View\View->render('Frontend/Layout...', Array, true)
#6 /Users/user/Nex/system/Common.php(1271): CodeIgniter\View\View->render('Frontend/Home', Array, true)
#7 /Users/user/Nex/app/Controllers/Home.php(11): view('Frontend/Home')
#8 /Users/user/Nex/system/CodeIgniter.php(928): App\Controllers\Home->index()
#9 /Users/user/Nex/system/CodeIgniter.php(436): CodeIgniter\CodeIgniter->runController(Object(App\Controllers\Home))
#10 /Users/user/Nex/system/CodeIgniter.php(336): CodeIgniter\CodeIgniter->handleRequest(NULL, Object(Config\Cache), false)
#11 /Users/user/Nex/public/index.php(37): CodeIgniter\CodeIgniter->run()
#12 {main}
CRITICAL - 2021-08-06 12:07:55 --> Call to undefined method CodeIgniter\Database\MySQLi\Connection::select()
#0 /Users/user/Nex/app/Views/Frontend/Partials/header.php(50): getNavLanguages()
#1 /Users/user/Nex/system/View/View.php(230): include('/Users/user/Nex...')
#2 /Users/user/Nex/system/View/View.php(232): CodeIgniter\View\View->CodeIgniter\View\{closure}()
#3 /Users/user/Nex/system/View/View.php(487): CodeIgniter\View\View->render('Frontend/Partia...', NULL, true)
#4 /Users/user/Nex/app/Views/Frontend/Layouts/Master.php(56): CodeIgniter\View\View->include('Frontend/Partia...')
#5 /Users/user/Nex/system/View/View.php(230): include('/Users/user/Nex...')
#6 /Users/user/Nex/system/View/View.php(232): CodeIgniter\View\View->CodeIgniter\View\{closure}()
#7 /Users/user/Nex/system/View/View.php(246): CodeIgniter\View\View->render('Frontend/Layout...', Array, true)
#8 /Users/user/Nex/system/Common.php(1271): CodeIgniter\View\View->render('Frontend/Home', Array, true)
#9 /Users/user/Nex/app/Controllers/Home.php(11): view('Frontend/Home')
#10 /Users/user/Nex/system/CodeIgniter.php(928): App\Controllers\Home->index()
#11 /Users/user/Nex/system/CodeIgniter.php(436): CodeIgniter\CodeIgniter->runController(Object(App\Controllers\Home))
#12 /Users/user/Nex/system/CodeIgniter.php(336): CodeIgniter\CodeIgniter->handleRequest(NULL, Object(Config\Cache), false)
#13 /Users/user/Nex/public/index.php(37): CodeIgniter\CodeIgniter->run()
#14 {main}
ERROR - 2021-08-06 12:10:07 --> Unknown column 'blog' in 'field list'
CRITICAL - 2021-08-06 12:10:07 --> Unknown column 'blog' in 'field list'
#0 /Users/user/Nex/system/Database/MySQLi/Connection.php(329): mysqli->query('SELECT `name`, ...')
#1 /Users/user/Nex/system/Database/BaseConnection.php(732): CodeIgniter\Database\MySQLi\Connection->execute('SELECT `name`, ...')
#2 /Users/user/Nex/system/Database/BaseConnection.php(647): CodeIgniter\Database\BaseConnection->simpleQuery('SELECT `name`, ...')
#3 /Users/user/Nex/system/Database/BaseBuilder.php(1881): CodeIgniter\Database\BaseConnection->query('SELECT `name`, ...', Array, false)
#4 /Users/user/Nex/app/Helpers/site_helper.php(48): CodeIgniter\Database\BaseBuilder->get()
#5 /Users/user/Nex/app/Views/Frontend/Partials/header.php(50): getNavLanguages()
#6 /Users/user/Nex/system/View/View.php(230): include('/Users/user/Nex...')
#7 /Users/user/Nex/system/View/View.php(232): CodeIgniter\View\View->CodeIgniter\View\{closure}()
#8 /Users/user/Nex/system/View/View.php(487): CodeIgniter\View\View->render('Frontend/Partia...', NULL, true)
#9 /Users/user/Nex/app/Views/Frontend/Layouts/Master.php(56): CodeIgniter\View\View->include('Frontend/Partia...')
#10 /Users/user/Nex/system/View/View.php(230): include('/Users/user/Nex...')
#11 /Users/user/Nex/system/View/View.php(232): CodeIgniter\View\View->CodeIgniter\View\{closure}()
#12 /Users/user/Nex/system/View/View.php(246): CodeIgniter\View\View->render('Frontend/Layout...', Array, true)
#13 /Users/user/Nex/system/Common.php(1271): CodeIgniter\View\View->render('Frontend/Home', Array, true)
#14 /Users/user/Nex/app/Controllers/Home.php(11): view('Frontend/Home')
#15 /Users/user/Nex/system/CodeIgniter.php(928): App\Controllers\Home->index()
#16 /Users/user/Nex/system/CodeIgniter.php(436): CodeIgniter\CodeIgniter->runController(Object(App\Controllers\Home))
#17 /Users/user/Nex/system/CodeIgniter.php(336): CodeIgniter\CodeIgniter->handleRequest(NULL, Object(Config\Cache), false)
#18 /Users/user/Nex/public/index.php(37): CodeIgniter\CodeIgniter->run()
#19 {main}
CRITICAL - 2021-08-06 12:47:35 --> Class 'App\Controllers\SubjectModel' not found
#0 /Users/user/Nex/system/CodeIgniter.php(900): App\Controllers\Page->__construct()
#1 /Users/user/Nex/system/CodeIgniter.php(426): CodeIgniter\CodeIgniter->createController()
#2 /Users/user/Nex/system/CodeIgniter.php(336): CodeIgniter\CodeIgniter->handleRequest(NULL, Object(Config\Cache), false)
#3 /Users/user/Nex/public/index.php(37): CodeIgniter\CodeIgniter->run()
#4 {main}
CRITICAL - 2021-08-06 12:47:40 --> Class 'App\Controllers\SubjectModel' not found
#0 /Users/user/Nex/system/CodeIgniter.php(900): App\Controllers\Page->__construct()
#1 /Users/user/Nex/system/CodeIgniter.php(426): CodeIgniter\CodeIgniter->createController()
#2 /Users/user/Nex/system/CodeIgniter.php(336): CodeIgniter\CodeIgniter->handleRequest(NULL, Object(Config\Cache), false)
#3 /Users/user/Nex/public/index.php(37): CodeIgniter\CodeIgniter->run()
#4 {main}
CRITICAL - 2021-08-06 12:47:50 --> Class 'App\Controllers\SubjectModel' not found
#0 /Users/user/Nex/system/CodeIgniter.php(900): App\Controllers\Page->__construct()
#1 /Users/user/Nex/system/CodeIgniter.php(426): CodeIgniter\CodeIgniter->createController()
#2 /Users/user/Nex/system/CodeIgniter.php(336): CodeIgniter\CodeIgniter->handleRequest(NULL, Object(Config\Cache), false)
#3 /Users/user/Nex/public/index.php(37): CodeIgniter\CodeIgniter->run()
#4 {main}
CRITICAL - 2021-08-06 12:47:52 --> Class 'App\Controllers\SubjectModel' not found
#0 /Users/user/Nex/system/CodeIgniter.php(900): App\Controllers\Page->__construct()
#1 /Users/user/Nex/system/CodeIgniter.php(426): CodeIgniter\CodeIgniter->createController()
#2 /Users/user/Nex/system/CodeIgniter.php(336): CodeIgniter\CodeIgniter->handleRequest(NULL, Object(Config\Cache), false)
#3 /Users/user/Nex/public/index.php(37): CodeIgniter\CodeIgniter->run()
#4 {main}
CRITICAL - 2021-08-06 12:47:58 --> Class 'App\Controllers\SubjectModel' not found
#0 /Users/user/Nex/system/CodeIgniter.php(900): App\Controllers\Page->__construct()
#1 /Users/user/Nex/system/CodeIgniter.php(426): CodeIgniter\CodeIgniter->createController()
#2 /Users/user/Nex/system/CodeIgniter.php(336): CodeIgniter\CodeIgniter->handleRequest(NULL, Object(Config\Cache), false)
#3 /Users/user/Nex/public/index.php(37): CodeIgniter\CodeIgniter->run()
#4 {main}
CRITICAL - 2021-08-06 12:52:36 --> Invalid file: Frontend/Pages/topics.php
#0 /Users/user/Nex/system/View/View.php(213): CodeIgniter\Exceptions\FrameworkException::forInvalidFile('Frontend/Pages/...')
#1 /Users/user/Nex/system/Common.php(1271): CodeIgniter\View\View->render('Frontend/Pages/...', Array, true)
#2 /Users/user/Nex/app/Controllers/Page.php(27): view('Frontend/Pages/...')
#3 /Users/user/Nex/system/CodeIgniter.php(928): App\Controllers\Page->subject()
#4 /Users/user/Nex/system/CodeIgniter.php(436): CodeIgniter\CodeIgniter->runController(Object(App\Controllers\Page))
#5 /Users/user/Nex/system/CodeIgniter.php(336): CodeIgniter\CodeIgniter->handleRequest(NULL, Object(Config\Cache), false)
#6 /Users/user/Nex/public/index.php(37): CodeIgniter\CodeIgniter->run()
#7 {main}
CRITICAL - 2021-08-06 13:03:11 --> Undefined variable: subjects
#0 /Users/user/Nex/app/Views/Frontend/Home.php(18): CodeIgniter\Debug\Exceptions->errorHandler(8, 'Undefined varia...', '/Users/user/Nex...', 18, Array)
#1 /Users/user/Nex/system/View/View.php(230): include('/Users/user/Nex...')
#2 /Users/user/Nex/system/View/View.php(232): CodeIgniter\View\View->CodeIgniter\View\{closure}()
#3 /Users/user/Nex/system/Common.php(1271): CodeIgniter\View\View->render('Frontend/Home', Array, true)
#4 /Users/user/Nex/app/Controllers/Home.php(11): view('Frontend/Home')
#5 /Users/user/Nex/system/CodeIgniter.php(928): App\Controllers\Home->index()
#6 /Users/user/Nex/system/CodeIgniter.php(436): CodeIgniter\CodeIgniter->runController(Object(App\Controllers\Home))
#7 /Users/user/Nex/system/CodeIgniter.php(336): CodeIgniter\CodeIgniter->handleRequest(NULL, Object(Config\Cache), false)
#8 /Users/user/Nex/public/index.php(37): CodeIgniter\CodeIgniter->run()
#9 {main}
CRITICAL - 2021-08-06 13:04:09 --> Undefined variable: subjects
#0 /Users/user/Nex/app/Views/Frontend/Home.php(18): CodeIgniter\Debug\Exceptions->errorHandler(8, 'Undefined varia...', '/Users/user/Nex...', 18, Array)
#1 /Users/user/Nex/system/View/View.php(230): include('/Users/user/Nex...')
#2 /Users/user/Nex/system/View/View.php(232): CodeIgniter\View\View->CodeIgniter\View\{closure}()
#3 /Users/user/Nex/system/Common.php(1271): CodeIgniter\View\View->render('Frontend/Home', Array, true)
#4 /Users/user/Nex/app/Controllers/Home.php(11): view('Frontend/Home')
#5 /Users/user/Nex/system/CodeIgniter.php(928): App\Controllers\Home->index()
#6 /Users/user/Nex/system/CodeIgniter.php(436): CodeIgniter\CodeIgniter->runController(Object(App\Controllers\Home))
#7 /Users/user/Nex/system/CodeIgniter.php(336): CodeIgniter\CodeIgniter->handleRequest(NULL, Object(Config\Cache), false)
#8 /Users/user/Nex/public/index.php(37): CodeIgniter\CodeIgniter->run()
#9 {main}
CRITICAL - 2021-08-06 13:04:32 --> Undefined variable: subjects
#0 /Users/user/Nex/app/Views/Frontend/Home.php(18): CodeIgniter\Debug\Exceptions->errorHandler(8, 'Undefined varia...', '/Users/user/Nex...', 18, Array)
#1 /Users/user/Nex/system/View/View.php(230): include('/Users/user/Nex...')
#2 /Users/user/Nex/system/View/View.php(232): CodeIgniter\View\View->CodeIgniter\View\{closure}()
#3 /Users/user/Nex/system/Common.php(1271): CodeIgniter\View\View->render('Frontend/Home', Array, true)
#4 /Users/user/Nex/app/Controllers/Home.php(11): view('Frontend/Home')
#5 /Users/user/Nex/system/CodeIgniter.php(928): App\Controllers\Home->index()
#6 /Users/user/Nex/system/CodeIgniter.php(436): CodeIgniter\CodeIgniter->runController(Object(App\Controllers\Home))
#7 /Users/user/Nex/system/CodeIgniter.php(336): CodeIgniter\CodeIgniter->handleRequest(NULL, Object(Config\Cache), false)
#8 /Users/user/Nex/public/index.php(37): CodeIgniter\CodeIgniter->run()
#9 {main}
CRITICAL - 2021-08-06 13:04:38 --> Undefined variable: subjects
#0 /Users/user/Nex/app/Views/Frontend/Home.php(18): CodeIgniter\Debug\Exceptions->errorHandler(8, 'Undefined varia...', '/Users/user/Nex...', 18, Array)
#1 /Users/user/Nex/system/View/View.php(230): include('/Users/user/Nex...')
#2 /Users/user/Nex/system/View/View.php(232): CodeIgniter\View\View->CodeIgniter\View\{closure}()
#3 /Users/user/Nex/system/Common.php(1271): CodeIgniter\View\View->render('Frontend/Home', Array, true)
#4 /Users/user/Nex/app/Controllers/Home.php(11): view('Frontend/Home')
#5 /Users/user/Nex/system/CodeIgniter.php(928): App\Controllers\Home->index()
#6 /Users/user/Nex/system/CodeIgniter.php(436): CodeIgniter\CodeIgniter->runController(Object(App\Controllers\Home))
#7 /Users/user/Nex/system/CodeIgniter.php(336): CodeIgniter\CodeIgniter->handleRequest(NULL, Object(Config\Cache), false)
#8 /Users/user/Nex/public/index.php(37): CodeIgniter\CodeIgniter->run()
#9 {main}
CRITICAL - 2021-08-06 13:05:04 --> Undefined property: App\Controllers\Home::$_subjectobj
#0 /Users/user/Nex/app/Controllers/Home.php(11): CodeIgniter\Debug\Exceptions->errorHandler(8, 'Undefined prope...', '/Users/user/Nex...', 11, Array)
#1 /Users/user/Nex/system/CodeIgniter.php(928): App\Controllers\Home->index()
#2 /Users/user/Nex/system/CodeIgniter.php(436): CodeIgniter\CodeIgniter->runController(Object(App\Controllers\Home))
#3 /Users/user/Nex/system/CodeIgniter.php(336): CodeIgniter\CodeIgniter->handleRequest(NULL, Object(Config\Cache), false)
#4 /Users/user/Nex/public/index.php(37): CodeIgniter\CodeIgniter->run()
#5 {main}
CRITICAL - 2021-08-06 13:05:49 --> Undefined variable: subjects
#0 /Users/user/Nex/app/Views/Frontend/Home.php(18): CodeIgniter\Debug\Exceptions->errorHandler(8, 'Undefined varia...', '/Users/user/Nex...', 18, Array)
#1 /Users/user/Nex/system/View/View.php(230): include('/Users/user/Nex...')
#2 /Users/user/Nex/system/View/View.php(232): CodeIgniter\View\View->CodeIgniter\View\{closure}()
#3 /Users/user/Nex/system/Common.php(1271): CodeIgniter\View\View->render('Frontend/Home', Array, true)
#4 /Users/user/Nex/app/Controllers/Home.php(21): view('Frontend/Home')
#5 /Users/user/Nex/system/CodeIgniter.php(928): App\Controllers\Home->index()
#6 /Users/user/Nex/system/CodeIgniter.php(436): CodeIgniter\CodeIgniter->runController(Object(App\Controllers\Home))
#7 /Users/user/Nex/system/CodeIgniter.php(336): CodeIgniter\CodeIgniter->handleRequest(NULL, Object(Config\Cache), false)
#8 /Users/user/Nex/public/index.php(37): CodeIgniter\CodeIgniter->run()
#9 {main}
CRITICAL - 2021-08-06 13:10:58 --> Undefined property: stdClass::$slug
#0 /Users/user/Nex/app/Views/Frontend/Home.php(22): CodeIgniter\Debug\Exceptions->errorHandler(8, 'Undefined prope...', '/Users/user/Nex...', 22, Array)
#1 /Users/user/Nex/system/View/View.php(230): include('/Users/user/Nex...')
#2 /Users/user/Nex/system/View/View.php(232): CodeIgniter\View\View->CodeIgniter\View\{closure}()
#3 /Users/user/Nex/system/Common.php(1271): CodeIgniter\View\View->render('Frontend/Home', Array, true)
#4 /Users/user/Nex/app/Controllers/Home.php(19): view('Frontend/Home', Array)
#5 /Users/user/Nex/system/CodeIgniter.php(928): App\Controllers\Home->index()
#6 /Users/user/Nex/system/CodeIgniter.php(436): CodeIgniter\CodeIgniter->runController(Object(App\Controllers\Home))
#7 /Users/user/Nex/system/CodeIgniter.php(336): CodeIgniter\CodeIgniter->handleRequest(NULL, Object(Config\Cache), false)
#8 /Users/user/Nex/public/index.php(37): CodeIgniter\CodeIgniter->run()
#9 {main}
CRITICAL - 2021-08-06 13:11:09 --> Undefined property: stdClass::$image
#0 /Users/user/Nex/app/Views/Frontend/Home.php(23): CodeIgniter\Debug\Exceptions->errorHandler(8, 'Undefined prope...', '/Users/user/Nex...', 23, Array)
#1 /Users/user/Nex/system/View/View.php(230): include('/Users/user/Nex...')
#2 /Users/user/Nex/system/View/View.php(232): CodeIgniter\View\View->CodeIgniter\View\{closure}()
#3 /Users/user/Nex/system/Common.php(1271): CodeIgniter\View\View->render('Frontend/Home', Array, true)
#4 /Users/user/Nex/app/Controllers/Home.php(19): view('Frontend/Home', Array)
#5 /Users/user/Nex/system/CodeIgniter.php(928): App\Controllers\Home->index()
#6 /Users/user/Nex/system/CodeIgniter.php(436): CodeIgniter\CodeIgniter->runController(Object(App\Controllers\Home))
#7 /Users/user/Nex/system/CodeIgniter.php(336): CodeIgniter\CodeIgniter->handleRequest(NULL, Object(Config\Cache), false)
#8 /Users/user/Nex/public/index.php(37): CodeIgniter\CodeIgniter->run()
#9 {main}
CRITICAL - 2021-08-06 13:37:55 --> Class 'App\Controllers\DB' not found
#0 /Users/user/Nex/system/CodeIgniter.php(928): App\Controllers\Page->topics()
#1 /Users/user/Nex/system/CodeIgniter.php(436): CodeIgniter\CodeIgniter->runController(Object(App\Controllers\Page))
#2 /Users/user/Nex/system/CodeIgniter.php(336): CodeIgniter\CodeIgniter->handleRequest(NULL, Object(Config\Cache), false)
#3 /Users/user/Nex/public/index.php(37): CodeIgniter\CodeIgniter->run()
#4 {main}
CRITICAL - 2021-08-06 13:37:57 --> Trying to get property 'id' of non-object
#0 /Users/user/Nex/app/Controllers/Page.php(28): CodeIgniter\Debug\Exceptions->errorHandler(8, 'Trying to get p...', '/Users/user/Nex...', 28, Array)
#1 /Users/user/Nex/system/CodeIgniter.php(928): App\Controllers\Page->subject()
#2 /Users/user/Nex/system/CodeIgniter.php(436): CodeIgniter\CodeIgniter->runController(Object(App\Controllers\Page))
#3 /Users/user/Nex/system/CodeIgniter.php(336): CodeIgniter\CodeIgniter->handleRequest(NULL, Object(Config\Cache), false)
#4 /Users/user/Nex/public/index.php(37): CodeIgniter\CodeIgniter->run()
#5 {main}
CRITICAL - 2021-08-06 13:40:12 --> Trying to get property 'id' of non-object
#0 /Users/user/Nex/app/Controllers/Page.php(29): CodeIgniter\Debug\Exceptions->errorHandler(8, 'Trying to get p...', '/Users/user/Nex...', 29, Array)
#1 /Users/user/Nex/system/CodeIgniter.php(928): App\Controllers\Page->subject('php-tutorial')
#2 /Users/user/Nex/system/CodeIgniter.php(436): CodeIgniter\CodeIgniter->runController(Object(App\Controllers\Page))
#3 /Users/user/Nex/system/CodeIgniter.php(336): CodeIgniter\CodeIgniter->handleRequest(NULL, Object(Config\Cache), false)
#4 /Users/user/Nex/public/index.php(37): CodeIgniter\CodeIgniter->run()
#5 {main}
CRITICAL - 2021-08-06 13:40:39 --> Invalid file: Frontend/Pages/topics.php
#0 /Users/user/Nex/system/View/View.php(213): CodeIgniter\Exceptions\FrameworkException::forInvalidFile('Frontend/Pages/...')
#1 /Users/user/Nex/system/Common.php(1271): CodeIgniter\View\View->render('Frontend/Pages/...', Array, true)
#2 /Users/user/Nex/app/Controllers/Page.php(31): view('Frontend/Pages/...', Array)
#3 /Users/user/Nex/system/CodeIgniter.php(928): App\Controllers\Page->subject('php-tutorial')
#4 /Users/user/Nex/system/CodeIgniter.php(436): CodeIgniter\CodeIgniter->runController(Object(App\Controllers\Page))
#5 /Users/user/Nex/system/CodeIgniter.php(336): CodeIgniter\CodeIgniter->handleRequest(NULL, Object(Config\Cache), false)
#6 /Users/user/Nex/public/index.php(37): CodeIgniter\CodeIgniter->run()
#7 {main}
CRITICAL - 2021-08-06 13:41:06 --> syntax error, unexpected 'endif' (T_ENDIF), expecting ';'
#0 /Users/user/Nex/system/View/View.php(232): CodeIgniter\View\View->CodeIgniter\View\{closure}()
#1 /Users/user/Nex/system/Common.php(1271): CodeIgniter\View\View->render('Frontend/Topics', Array, true)
#2 /Users/user/Nex/app/Controllers/Page.php(31): view('Frontend/Topics', Array)
#3 /Users/user/Nex/system/CodeIgniter.php(928): App\Controllers\Page->subject('php-tutorial')
#4 /Users/user/Nex/system/CodeIgniter.php(436): CodeIgniter\CodeIgniter->runController(Object(App\Controllers\Page))
#5 /Users/user/Nex/system/CodeIgniter.php(336): CodeIgniter\CodeIgniter->handleRequest(NULL, Object(Config\Cache), false)
#6 /Users/user/Nex/public/index.php(37): CodeIgniter\CodeIgniter->run()
#7 {main}
CRITICAL - 2021-08-06 13:41:08 --> syntax error, unexpected 'endif' (T_ENDIF), expecting ';'
#0 /Users/user/Nex/system/View/View.php(232): CodeIgniter\View\View->CodeIgniter\View\{closure}()
#1 /Users/user/Nex/system/Common.php(1271): CodeIgniter\View\View->render('Frontend/Topics', Array, true)
#2 /Users/user/Nex/app/Controllers/Page.php(31): view('Frontend/Topics', Array)
#3 /Users/user/Nex/system/CodeIgniter.php(928): App\Controllers\Page->subject('php-tutorial')
#4 /Users/user/Nex/system/CodeIgniter.php(436): CodeIgniter\CodeIgniter->runController(Object(App\Controllers\Page))
#5 /Users/user/Nex/system/CodeIgniter.php(336): CodeIgniter\CodeIgniter->handleRequest(NULL, Object(Config\Cache), false)
#6 /Users/user/Nex/public/index.php(37): CodeIgniter\CodeIgniter->run()
#7 {main}
ERROR - 2021-08-06 13:41:21 --> Unknown column 'sort_title' in 'order clause'
CRITICAL - 2021-08-06 13:41:21 --> Unknown column 'sort_title' in 'order clause'
#0 /Users/user/Nex/system/Database/MySQLi/Connection.php(329): mysqli->query('SELECT `topic`,...')
#1 /Users/user/Nex/system/Database/BaseConnection.php(732): CodeIgniter\Database\MySQLi\Connection->execute('SELECT `topic`,...')
#2 /Users/user/Nex/system/Database/BaseConnection.php(647): CodeIgniter\Database\BaseConnection->simpleQuery('SELECT `topic`,...')
#3 /Users/user/Nex/system/Database/BaseBuilder.php(1881): CodeIgniter\Database\BaseConnection->query('SELECT `topic`,...', Array, false)
#4 /Users/user/Nex/app/Helpers/site_helper.php(58): CodeIgniter\Database\BaseBuilder->get()
#5 /Users/user/Nex/app/Views/Frontend/Topics.php(14): get_section_topics('1')
#6 /Users/user/Nex/system/View/View.php(230): include('/Users/user/Nex...')
#7 /Users/user/Nex/system/View/View.php(232): CodeIgniter\View\View->CodeIgniter\View\{closure}()
#8 /Users/user/Nex/system/Common.php(1271): CodeIgniter\View\View->render('Frontend/Topics', Array, true)
#9 /Users/user/Nex/app/Controllers/Page.php(31): view('Frontend/Topics', Array)
#10 /Users/user/Nex/system/CodeIgniter.php(928): App\Controllers\Page->subject('php-tutorial')
#11 /Users/user/Nex/system/CodeIgniter.php(436): CodeIgniter\CodeIgniter->runController(Object(App\Controllers\Page))
#12 /Users/user/Nex/system/CodeIgniter.php(336): CodeIgniter\CodeIgniter->handleRequest(NULL, Object(Config\Cache), false)
#13 /Users/user/Nex/public/index.php(37): CodeIgniter\CodeIgniter->run()
#14 {main}
CRITICAL - 2021-08-06 13:41:49 --> Undefined property: stdClass::$slug
#0 /Users/user/Nex/app/Views/Frontend/Topics.php(15): CodeIgniter\Debug\Exceptions->errorHandler(8, 'Undefined prope...', '/Users/user/Nex...', 15, Array)
#1 /Users/user/Nex/system/View/View.php(230): include('/Users/user/Nex...')
#2 /Users/user/Nex/system/View/View.php(232): CodeIgniter\View\View->CodeIgniter\View\{closure}()
#3 /Users/user/Nex/system/Common.php(1271): CodeIgniter\View\View->render('Frontend/Topics', Array, true)
#4 /Users/user/Nex/app/Controllers/Page.php(31): view('Frontend/Topics', Array)
#5 /Users/user/Nex/system/CodeIgniter.php(928): App\Controllers\Page->subject('php-tutorial')
#6 /Users/user/Nex/system/CodeIgniter.php(436): CodeIgniter\CodeIgniter->runController(Object(App\Controllers\Page))
#7 /Users/user/Nex/system/CodeIgniter.php(336): CodeIgniter\CodeIgniter->handleRequest(NULL, Object(Config\Cache), false)
#8 /Users/user/Nex/public/index.php(37): CodeIgniter\CodeIgniter->run()
#9 {main}
CRITICAL - 2021-08-06 13:42:35 --> Undefined property: stdClass::$slug
#0 /Users/user/Nex/app/Views/Frontend/Topics.php(15): CodeIgniter\Debug\Exceptions->errorHandler(8, 'Undefined prope...', '/Users/user/Nex...', 15, Array)
#1 /Users/user/Nex/system/View/View.php(230): include('/Users/user/Nex...')
#2 /Users/user/Nex/system/View/View.php(232): CodeIgniter\View\View->CodeIgniter\View\{closure}()
#3 /Users/user/Nex/system/Common.php(1271): CodeIgniter\View\View->render('Frontend/Topics', Array, true)
#4 /Users/user/Nex/app/Controllers/Page.php(31): view('Frontend/Topics', Array)
#5 /Users/user/Nex/system/CodeIgniter.php(928): App\Controllers\Page->subject('php-tutorial')
#6 /Users/user/Nex/system/CodeIgniter.php(436): CodeIgniter\CodeIgniter->runController(Object(App\Controllers\Page))
#7 /Users/user/Nex/system/CodeIgniter.php(336): CodeIgniter\CodeIgniter->handleRequest(NULL, Object(Config\Cache), false)
#8 /Users/user/Nex/public/index.php(37): CodeIgniter\CodeIgniter->run()
#9 {main}
CRITICAL - 2021-08-06 13:46:37 --> Class 'App\Controllers\DB' not found
#0 /Users/user/Nex/system/CodeIgniter.php(928): App\Controllers\Page->topics('build', 'assets', 'css', 'bootstrap.min.c...')
#1 /Users/user/Nex/system/CodeIgniter.php(436): CodeIgniter\CodeIgniter->runController(Object(App\Controllers\Page))
#2 /Users/user/Nex/system/CodeIgniter.php(336): CodeIgniter\CodeIgniter->handleRequest(NULL, Object(Config\Cache), false)
#3 /Users/user/Nex/public/index.php(37): CodeIgniter\CodeIgniter->run()
#4 {main}
CRITICAL - 2021-08-06 13:51:18 --> Undefined variable: slug
#0 /Users/user/Nex/app/Controllers/Page.php(40): CodeIgniter\Debug\Exceptions->errorHandler(8, 'Undefined varia...', '/Users/user/Nex...', 40, Array)
#1 /Users/user/Nex/system/CodeIgniter.php(928): App\Controllers\Page->topics('build', 'assets', 'css', 'bootstrap.min.c...')
#2 /Users/user/Nex/system/CodeIgniter.php(436): CodeIgniter\CodeIgniter->runController(Object(App\Controllers\Page))
#3 /Users/user/Nex/system/CodeIgniter.php(336): CodeIgniter\CodeIgniter->handleRequest(NULL, Object(Config\Cache), false)
#4 /Users/user/Nex/public/index.php(37): CodeIgniter\CodeIgniter->run()
#5 {main}
CRITICAL - 2021-08-06 13:52:13 --> Undefined variable: slug
#0 /Users/user/Nex/app/Controllers/Page.php(40): CodeIgniter\Debug\Exceptions->errorHandler(8, 'Undefined varia...', '/Users/user/Nex...', 40, Array)
#1 /Users/user/Nex/system/CodeIgniter.php(928): App\Controllers\Page->topics('php-tutorial', 'php-array')
#2 /Users/user/Nex/system/CodeIgniter.php(436): CodeIgniter\CodeIgniter->runController(Object(App\Controllers\Page))
#3 /Users/user/Nex/system/CodeIgniter.php(336): CodeIgniter\CodeIgniter->handleRequest(NULL, Object(Config\Cache), false)
#4 /Users/user/Nex/public/index.php(37): CodeIgniter\CodeIgniter->run()
#5 {main}
CRITICAL - 2021-08-06 13:52:26 --> compact(): Undefined variable: slug
#0 [internal function]: CodeIgniter\Debug\Exceptions->errorHandler(8, 'compact(): Unde...', '/Users/user/Nex...', 46, Array)
#1 /Users/user/Nex/app/Controllers/Page.php(46): compact('sections', 'slug')
#2 /Users/user/Nex/system/CodeIgniter.php(928): App\Controllers\Page->topics('php-tutorial', 'php-array')
#3 /Users/user/Nex/system/CodeIgniter.php(436): CodeIgniter\CodeIgniter->runController(Object(App\Controllers\Page))
#4 /Users/user/Nex/system/CodeIgniter.php(336): CodeIgniter\CodeIgniter->handleRequest(NULL, Object(Config\Cache), false)
#5 /Users/user/Nex/public/index.php(37): CodeIgniter\CodeIgniter->run()
#6 {main}
CRITICAL - 2021-08-06 13:52:34 --> compact(): Undefined variable: slug
#0 [internal function]: CodeIgniter\Debug\Exceptions->errorHandler(8, 'compact(): Unde...', '/Users/user/Nex...', 46, Array)
#1 /Users/user/Nex/app/Controllers/Page.php(46): compact('sections', 'slug', 'topic')
#2 /Users/user/Nex/system/CodeIgniter.php(928): App\Controllers\Page->topics('php-tutorial', 'php-array')
#3 /Users/user/Nex/system/CodeIgniter.php(436): CodeIgniter\CodeIgniter->runController(Object(App\Controllers\Page))
#4 /Users/user/Nex/system/CodeIgniter.php(336): CodeIgniter\CodeIgniter->handleRequest(NULL, Object(Config\Cache), false)
#5 /Users/user/Nex/public/index.php(37): CodeIgniter\CodeIgniter->run()
#6 {main}
CRITICAL - 2021-08-06 13:52:55 --> Trying to access array offset on value of type null
#0 /Users/user/Nex/app/Controllers/Page.php(42): CodeIgniter\Debug\Exceptions->errorHandler(8, 'Trying to acces...', '/Users/user/Nex...', 42, Array)
#1 /Users/user/Nex/system/CodeIgniter.php(928): App\Controllers\Page->topics('build', 'assets', 'css', 'bootstrap.min.c...')
#2 /Users/user/Nex/system/CodeIgniter.php(436): CodeIgniter\CodeIgniter->runController(Object(App\Controllers\Page))
#3 /Users/user/Nex/system/CodeIgniter.php(336): CodeIgniter\CodeIgniter->handleRequest(NULL, Object(Config\Cache), false)
#4 /Users/user/Nex/public/index.php(37): CodeIgniter\CodeIgniter->run()
#5 {main}
CRITICAL - 2021-08-06 13:53:00 --> Trying to access array offset on value of type null
#0 /Users/user/Nex/app/Controllers/Page.php(42): CodeIgniter\Debug\Exceptions->errorHandler(8, 'Trying to acces...', '/Users/user/Nex...', 42, Array)
#1 /Users/user/Nex/system/CodeIgniter.php(928): App\Controllers\Page->topics('build', 'assets', 'css', 'bootstrap.min.c...')
#2 /Users/user/Nex/system/CodeIgniter.php(436): CodeIgniter\CodeIgniter->runController(Object(App\Controllers\Page))
#3 /Users/user/Nex/system/CodeIgniter.php(336): CodeIgniter\CodeIgniter->handleRequest(NULL, Object(Config\Cache), false)
#4 /Users/user/Nex/public/index.php(37): CodeIgniter\CodeIgniter->run()
#5 {main}
CRITICAL - 2021-08-06 13:53:10 --> Trying to access array offset on value of type null
#0 /Users/user/Nex/app/Controllers/Page.php(42): CodeIgniter\Debug\Exceptions->errorHandler(8, 'Trying to acces...', '/Users/user/Nex...', 42, Array)
#1 /Users/user/Nex/system/CodeIgniter.php(928): App\Controllers\Page->topics('build', 'assets', 'css', 'bootstrap.min.c...')
#2 /Users/user/Nex/system/CodeIgniter.php(436): CodeIgniter\CodeIgniter->runController(Object(App\Controllers\Page))
#3 /Users/user/Nex/system/CodeIgniter.php(336): CodeIgniter\CodeIgniter->handleRequest(NULL, Object(Config\Cache), false)
#4 /Users/user/Nex/public/index.php(37): CodeIgniter\CodeIgniter->run()
#5 {main}
CRITICAL - 2021-08-06 13:53:22 --> Trying to access array offset on value of type null
#0 /Users/user/Nex/app/Controllers/Page.php(42): CodeIgniter\Debug\Exceptions->errorHandler(8, 'Trying to acces...', '/Users/user/Nex...', 42, Array)
#1 /Users/user/Nex/system/CodeIgniter.php(928): App\Controllers\Page->topics('build', 'assets', 'css', 'bootstrap.min.c...')
#2 /Users/user/Nex/system/CodeIgniter.php(436): CodeIgniter\CodeIgniter->runController(Object(App\Controllers\Page))
#3 /Users/user/Nex/system/CodeIgniter.php(336): CodeIgniter\CodeIgniter->handleRequest(NULL, Object(Config\Cache), false)
#4 /Users/user/Nex/public/index.php(37): CodeIgniter\CodeIgniter->run()
#5 {main}
CRITICAL - 2021-08-06 13:53:50 --> Trying to access array offset on value of type null
#0 /Users/user/Nex/app/Controllers/Page.php(42): CodeIgniter\Debug\Exceptions->errorHandler(8, 'Trying to acces...', '/Users/user/Nex...', 42, Array)
#1 /Users/user/Nex/system/CodeIgniter.php(928): App\Controllers\Page->topics('build', 'assets', 'css', 'bootstrap.min.c...')
#2 /Users/user/Nex/system/CodeIgniter.php(436): CodeIgniter\CodeIgniter->runController(Object(App\Controllers\Page))
#3 /Users/user/Nex/system/CodeIgniter.php(336): CodeIgniter\CodeIgniter->handleRequest(NULL, Object(Config\Cache), false)
#4 /Users/user/Nex/public/index.php(37): CodeIgniter\CodeIgniter->run()
#5 {main}
CRITICAL - 2021-08-06 13:55:15 --> Cannot use object of type stdClass as array
#0 /Users/user/Nex/system/View/View.php(230): include()
#1 /Users/user/Nex/system/View/View.php(232): CodeIgniter\View\View->CodeIgniter\View\{closure}()
#2 /Users/user/Nex/system/Common.php(1271): CodeIgniter\View\View->render('Frontend/Topics', Array, true)
#3 /Users/user/Nex/app/Controllers/Page.php(35): view('Frontend/Topics', Array)
#4 /Users/user/Nex/system/CodeIgniter.php(928): App\Controllers\Page->subject('php-tutorial')
#5 /Users/user/Nex/system/CodeIgniter.php(436): CodeIgniter\CodeIgniter->runController(Object(App\Controllers\Page))
#6 /Users/user/Nex/system/CodeIgniter.php(336): CodeIgniter\CodeIgniter->handleRequest(NULL, Object(Config\Cache), false)
#7 /Users/user/Nex/public/index.php(37): CodeIgniter\CodeIgniter->run()
#8 {main}
CRITICAL - 2021-08-06 13:56:58 --> Trying to access array offset on value of type null
#0 /Users/user/Nex/app/Controllers/Page.php(42): CodeIgniter\Debug\Exceptions->errorHandler(8, 'Trying to acces...', '/Users/user/Nex...', 42, Array)
#1 /Users/user/Nex/system/CodeIgniter.php(928): App\Controllers\Page->topics('build', 'assets', 'css', 'bootstrap.min.c...')
#2 /Users/user/Nex/system/CodeIgniter.php(436): CodeIgniter\CodeIgniter->runController(Object(App\Controllers\Page))
#3 /Users/user/Nex/system/CodeIgniter.php(336): CodeIgniter\CodeIgniter->handleRequest(NULL, Object(Config\Cache), false)
#4 /Users/user/Nex/public/index.php(37): CodeIgniter\CodeIgniter->run()
#5 {main}
CRITICAL - 2021-08-06 13:57:02 --> Trying to access array offset on value of type null
#0 /Users/user/Nex/app/Controllers/Page.php(42): CodeIgniter\Debug\Exceptions->errorHandler(8, 'Trying to acces...', '/Users/user/Nex...', 42, Array)
#1 /Users/user/Nex/system/CodeIgniter.php(928): App\Controllers\Page->topics('build', 'assets', 'css', 'bootstrap.min.c...')
#2 /Users/user/Nex/system/CodeIgniter.php(436): CodeIgniter\CodeIgniter->runController(Object(App\Controllers\Page))
#3 /Users/user/Nex/system/CodeIgniter.php(336): CodeIgniter\CodeIgniter->handleRequest(NULL, Object(Config\Cache), false)
#4 /Users/user/Nex/public/index.php(37): CodeIgniter\CodeIgniter->run()
#5 {main}
CRITICAL - 2021-08-06 13:57:07 --> Trying to access array offset on value of type null
#0 /Users/user/Nex/app/Controllers/Page.php(42): CodeIgniter\Debug\Exceptions->errorHandler(8, 'Trying to acces...', '/Users/user/Nex...', 42, Array)
#1 /Users/user/Nex/system/CodeIgniter.php(928): App\Controllers\Page->topics('build', 'assets', 'css', 'bootstrap.min.c...')
#2 /Users/user/Nex/system/CodeIgniter.php(436): CodeIgniter\CodeIgniter->runController(Object(App\Controllers\Page))
#3 /Users/user/Nex/system/CodeIgniter.php(336): CodeIgniter\CodeIgniter->handleRequest(NULL, Object(Config\Cache), false)
#4 /Users/user/Nex/public/index.php(37): CodeIgniter\CodeIgniter->run()
#5 {main}
CRITICAL - 2021-08-06 13:57:10 --> Trying to access array offset on value of type null
#0 /Users/user/Nex/app/Controllers/Page.php(42): CodeIgniter\Debug\Exceptions->errorHandler(8, 'Trying to acces...', '/Users/user/Nex...', 42, Array)
#1 /Users/user/Nex/system/CodeIgniter.php(928): App\Controllers\Page->topics('build', 'assets', 'css', 'bootstrap.min.c...')
#2 /Users/user/Nex/system/CodeIgniter.php(436): CodeIgniter\CodeIgniter->runController(Object(App\Controllers\Page))
#3 /Users/user/Nex/system/CodeIgniter.php(336): CodeIgniter\CodeIgniter->handleRequest(NULL, Object(Config\Cache), false)
#4 /Users/user/Nex/public/index.php(37): CodeIgniter\CodeIgniter->run()
#5 {main}
CRITICAL - 2021-08-06 13:57:55 --> Trying to access array offset on value of type null
#0 /Users/user/Nex/app/Controllers/Page.php(42): CodeIgniter\Debug\Exceptions->errorHandler(8, 'Trying to acces...', '/Users/user/Nex...', 42, Array)
#1 /Users/user/Nex/system/CodeIgniter.php(928): App\Controllers\Page->topics('build', 'assets', 'css', 'bootstrap.min.c...')
#2 /Users/user/Nex/system/CodeIgniter.php(436): CodeIgniter\CodeIgniter->runController(Object(App\Controllers\Page))
#3 /Users/user/Nex/system/CodeIgniter.php(336): CodeIgniter\CodeIgniter->handleRequest(NULL, Object(Config\Cache), false)
#4 /Users/user/Nex/public/index.php(37): CodeIgniter\CodeIgniter->run()
#5 {main}
